$ ./04_wsl_install_nvidia-driver_reboot_rqrd.sh
lspci | grep -i nvidia
uname -m && cat /etc/*release
x86_64
DISTRIB_ID=Ubuntu
DISTRIB_RELEASE=22.04
DISTRIB_CODENAME=jammy
DISTRIB_DESCRIPTION="Ubuntu 22.04.2 LTS"
PRETTY_NAME="Ubuntu 22.04.2 LTS"
NAME="Ubuntu"
VERSION_ID="22.04"
VERSION="22.04.2 LTS (Jammy Jellyfish)"
VERSION_CODENAME=jammy
ID=ubuntu
ID_LIKE=debian
HOME_URL="https://www.ubuntu.com/"
SUPPORT_URL="https://help.ubuntu.com/"
BUG_REPORT_URL="https://bugs.launchpad.net/ubuntu/"
PRIVACY_POLICY_URL="https://www.ubuntu.com/legal/terms-and-policies/privacy-policy"
UBUNTU_CODENAME=jammy
[sudo] password for coolwind:
Warning: apt-key is deprecated. Manage keyring files in trusted.gpg.d instead (see apt-key(8)).
OK
Warning: apt-key is deprecated. Manage keyring files in trusted.gpg.d instead (see apt-key(8)).
OK
Warning: apt-key is deprecated. Manage keyring files in trusted.gpg.d instead (see apt-key(8)).
OK
sudo apt-get --purge remove cuda nvida-gds cuda-drivers
Reading package lists... Done
Building dependency tree... Done
Reading state information... Done
E: Unable to locate package cuda
E: Unable to locate package nvida-gds
E: Unable to locate package cuda-drivers
Local Repo Installation
Network Repo Installation
wget https://developer.download.nvidia.com/compute/cuda/repos/wsl-ubuntu/x86_64/cuda-keyring_1.0-1_all.deb
--2023-03-09 21:20:59--  https://developer.download.nvidia.com/compute/cuda/repos/wsl-ubuntu/x86_64/cuda-keyring_1.0-1_all.deb
Resolving developer.download.nvidia.com (developer.download.nvidia.com)... 152.199.39.144
Connecting to developer.download.nvidia.com (developer.download.nvidia.com)|152.199.39.144|:443... connected.
HTTP request sent, awaiting response... 200 OK
Length: 4332 (4.2K) [application/x-deb]
Saving to: ‘cuda-keyring_1.0-1_all.deb.1’

cuda-keyring_1.0-1_all.deb.1      100%[==========================================================>]   4.23K  --.-KB/s    in 0s

2023-03-09 21:20:59 (277 MB/s) - ‘cuda-keyring_1.0-1_all.deb.1’ saved [4332/4332]

sudo dpkg -i cuda-keyring_1.0-1_all.deb
Selecting previously unselected package cuda-keyring.
(Reading database ... 38345 files and directories currently installed.)
Preparing to unpack cuda-keyring_1.0-1_all.deb ...
Unpacking cuda-keyring (1.0-1) ...
Setting up cuda-keyring (1.0-1) ...

A deprecated public CUDA GPG key appear to be installed.
To remove the key, run this command:
sudo apt-key del 7fa2af80

Get:1 https://download.docker.com/linux/ubuntu jammy InRelease [48.9 kB]
Get:2 https://developer.download.nvidia.com/compute/cuda/repos/ubuntu2204/x86_64  InRelease [1581 B]
Get:3 https://developer.download.nvidia.com/compute/cuda/repos/ubuntu2204/x86_64  Packages [272 kB]
Hit:4 http://archive.ubuntu.com/ubuntu jammy InRelease
Get:5 http://security.ubuntu.com/ubuntu jammy-security InRelease [110 kB]
Get:6 http://archive.ubuntu.com/ubuntu jammy-updates InRelease [119 kB]
Get:7 http://archive.ubuntu.com/ubuntu jammy-backports InRelease [107 kB]
Get:8 http://archive.ubuntu.com/ubuntu jammy-updates/main amd64 Packages [943 kB]
Get:9 http://archive.ubuntu.com/ubuntu jammy-updates/universe amd64 Packages [881 kB]
Fetched 2482 kB in 3s (767 kB/s)
Reading package lists... Done
Reading package lists... Done
Building dependency tree... Done
Reading state information... Done
The following additional packages will be installed:
  adwaita-icon-theme alsa-topology-conf alsa-ucm-conf at-spi2-core ca-certificates-java cpp-12 cuda-12-1 cuda-cccl-12-1
  cuda-command-line-tools-12-1 cuda-compiler-12-1 cuda-cudart-12-1 cuda-cudart-dev-12-1 cuda-cuobjdump-12-1 cuda-cupti-12-1
  cuda-cupti-dev-12-1 cuda-cuxxfilt-12-1 cuda-demo-suite-12-1 cuda-documentation-12-1 cuda-driver-dev-12-1 cuda-drivers
  cuda-drivers-530 cuda-gdb-12-1 cuda-libraries-12-1 cuda-libraries-dev-12-1 cuda-nsight-12-1 cuda-nsight-compute-12-1
  cuda-nsight-systems-12-1 cuda-nvcc-12-1 cuda-nvdisasm-12-1 cuda-nvml-dev-12-1 cuda-nvprof-12-1 cuda-nvprune-12-1 cuda-nvrtc-12-1
  cuda-nvrtc-dev-12-1 cuda-nvtx-12-1 cuda-nvvp-12-1 cuda-opencl-12-1 cuda-opencl-dev-12-1 cuda-profiler-api-12-1 cuda-runtime-12-1
  cuda-sanitizer-12-1 cuda-toolkit-12-1 cuda-toolkit-12-1-config-common cuda-toolkit-12-config-common cuda-toolkit-config-common
  cuda-tools-12-1 cuda-visual-tools-12-1 dconf-gsettings-backend dconf-service dctrl-tools default-jre default-jre-headless dkms
  fonts-dejavu-extra gcc-12 gds-tools-12-1 gsettings-desktop-schemas gtk-update-icon-cache hicolor-icon-theme humanity-icon-theme
  java-common libasan8 libasound2 libasound2-data libatk-bridge2.0-0 libatk-wrapper-java libatk-wrapper-java-jni libatk1.0-0
  libatk1.0-data libatspi2.0-0 libavahi-client3 libavahi-common-data libavahi-common3 libcairo-gobject2 libcolord2 libcublas-12-1
  libcublas-dev-12-1 libcufft-12-1 libcufft-dev-12-1 libcufile-12-1 libcufile-dev-12-1 libcups2 libcurand-12-1 libcurand-dev-12-1
  libcusolver-12-1 libcusolver-dev-12-1 libcusparse-12-1 libcusparse-dev-12-1 libdconf1 libdrm-amdgpu1 libdrm-intel1
  libdrm-nouveau2 libdrm-radeon1 libegl-mesa0 libegl1 libepoxy0 libfontenc1 libgbm1 libgcc-12-dev libgdk-pixbuf-2.0-0
  libgdk-pixbuf2.0-bin libgdk-pixbuf2.0-common libgif7 libgl1 libgl1-amber-dri libgl1-mesa-dri libglapi-mesa libgles2 libglvnd0
  libglx-mesa0 libglx0 libgtk-3-0 libgtk-3-bin libgtk-3-common liblcms2-2 libllvm15 libnpp-12-1 libnpp-dev-12-1 libnspr4 libnss3
  libnvidia-cfg1-530 libnvidia-common-530 libnvidia-compute-530 libnvidia-decode-530 libnvidia-encode-530 libnvidia-extra-530
  libnvidia-fbc1-530 libnvidia-gl-530 libnvjitlink-12-1 libnvjitlink-dev-12-1 libnvjpeg-12-1 libnvjpeg-dev-12-1
  libnvvm-samples-12-1 libopengl0 libpciaccess0 libpcsclite1 librsvg2-2 librsvg2-common libsensors-config libsensors5 libtinfo5
  libtsan2 libvdpau1 libwayland-client0 libwayland-cursor0 libwayland-egl1 libwayland-server0 libx11-xcb1 libxcb-dri2-0
  libxcb-dri3-0 libxcb-glx0 libxcb-icccm4 libxcb-image0 libxcb-keysyms1 libxcb-present0 libxcb-randr0 libxcb-render-util0
  libxcb-shape0 libxcb-sync1 libxcb-util1 libxcb-xfixes0 libxcb-xinerama0 libxcb-xinput0 libxcb-xkb1 libxcomposite1 libxcursor1
  libxcvt0 libxdamage1 libxfixes3 libxfont2 libxft2 libxi6 libxinerama1 libxkbcommon-x11-0 libxkbcommon0 libxkbfile1 libxnvctrl0
  libxrandr2 libxshmfence1 libxtst6 libxv1 libxxf86dga1 libxxf86vm1 linux-headers-5.15.0-67 linux-headers-5.15.0-67-generic
  linux-headers-generic mesa-vdpau-drivers nsight-compute-2023.1.0 nsight-systems-2023.1.2 nvidia-compute-utils-530 nvidia-dkms-530
  nvidia-driver-530 nvidia-kernel-common-530 nvidia-kernel-source-530 nvidia-modprobe nvidia-prime nvidia-settings nvidia-utils-530
  openjdk-11-jre openjdk-11-jre-headless pkg-config python3-xkit screen-resolution-extra session-migration ubuntu-mono
  vdpau-driver-all x11-utils x11-xkb-utils xcvt xfonts-base xfonts-encodings xfonts-utils xserver-common xserver-xorg-core
  xserver-xorg-video-nvidia-530
Suggested packages:
  gcc-12-locales debtags menu gcc-12-multilib gcc-12-doc libasound2-plugins alsa-utils colord cups-common gvfs liblcms2-utils pcscd
  librsvg2-bin lm-sensors libnss-mdns fonts-ipafont-gothic fonts-ipafont-mincho fonts-wqy-microhei | fonts-wqy-zenhei fonts-indic
  libvdpau-va-gl1 mesa-utils xfs | xserver xfonts-100dpi | xfonts-75dpi xfonts-scalable
Recommended packages:
  libnvidia-compute-530:i386 libnvidia-decode-530:i386 libnvidia-encode-530:i386 libnvidia-fbc1-530:i386 libnvidia-gl-530:i386
The following NEW packages will be installed:
  adwaita-icon-theme alsa-topology-conf alsa-ucm-conf at-spi2-core ca-certificates-java cpp-12 cuda cuda-12-1 cuda-cccl-12-1
  cuda-command-line-tools-12-1 cuda-compiler-12-1 cuda-cudart-12-1 cuda-cudart-dev-12-1 cuda-cuobjdump-12-1 cuda-cupti-12-1
  cuda-cupti-dev-12-1 cuda-cuxxfilt-12-1 cuda-demo-suite-12-1 cuda-documentation-12-1 cuda-driver-dev-12-1 cuda-drivers
  cuda-drivers-530 cuda-gdb-12-1 cuda-libraries-12-1 cuda-libraries-dev-12-1 cuda-nsight-12-1 cuda-nsight-compute-12-1
  cuda-nsight-systems-12-1 cuda-nvcc-12-1 cuda-nvdisasm-12-1 cuda-nvml-dev-12-1 cuda-nvprof-12-1 cuda-nvprune-12-1 cuda-nvrtc-12-1
  cuda-nvrtc-dev-12-1 cuda-nvtx-12-1 cuda-nvvp-12-1 cuda-opencl-12-1 cuda-opencl-dev-12-1 cuda-profiler-api-12-1 cuda-runtime-12-1
  cuda-sanitizer-12-1 cuda-toolkit-12-1 cuda-toolkit-12-1-config-common cuda-toolkit-12-config-common cuda-toolkit-config-common
  cuda-tools-12-1 cuda-visual-tools-12-1 dconf-gsettings-backend dconf-service dctrl-tools default-jre default-jre-headless dkms
  fonts-dejavu-extra gcc-12 gds-tools-12-1 gsettings-desktop-schemas gtk-update-icon-cache hicolor-icon-theme humanity-icon-theme
  java-common libasan8 libasound2 libasound2-data libatk-bridge2.0-0 libatk-wrapper-java libatk-wrapper-java-jni libatk1.0-0
  libatk1.0-data libatspi2.0-0 libavahi-client3 libavahi-common-data libavahi-common3 libcairo-gobject2 libcolord2 libcublas-12-1
  libcublas-dev-12-1 libcufft-12-1 libcufft-dev-12-1 libcufile-12-1 libcufile-dev-12-1 libcups2 libcurand-12-1 libcurand-dev-12-1
  libcusolver-12-1 libcusolver-dev-12-1 libcusparse-12-1 libcusparse-dev-12-1 libdconf1 libdrm-amdgpu1 libdrm-intel1
  libdrm-nouveau2 libdrm-radeon1 libegl-mesa0 libegl1 libepoxy0 libfontenc1 libgbm1 libgcc-12-dev libgdk-pixbuf-2.0-0
  libgdk-pixbuf2.0-bin libgdk-pixbuf2.0-common libgif7 libgl1 libgl1-amber-dri libgl1-mesa-dri libglapi-mesa libgles2 libglvnd0
  libglx-mesa0 libglx0 libgtk-3-0 libgtk-3-bin libgtk-3-common liblcms2-2 libllvm15 libnpp-12-1 libnpp-dev-12-1 libnspr4 libnss3
  libnvidia-cfg1-530 libnvidia-common-530 libnvidia-compute-530 libnvidia-decode-530 libnvidia-encode-530 libnvidia-extra-530
  libnvidia-fbc1-530 libnvidia-gl-530 libnvjitlink-12-1 libnvjitlink-dev-12-1 libnvjpeg-12-1 libnvjpeg-dev-12-1
  libnvvm-samples-12-1 libopengl0 libpciaccess0 libpcsclite1 librsvg2-2 librsvg2-common libsensors-config libsensors5 libtinfo5
  libtsan2 libvdpau1 libwayland-client0 libwayland-cursor0 libwayland-egl1 libwayland-server0 libx11-xcb1 libxcb-dri2-0
  libxcb-dri3-0 libxcb-glx0 libxcb-icccm4 libxcb-image0 libxcb-keysyms1 libxcb-present0 libxcb-randr0 libxcb-render-util0
  libxcb-shape0 libxcb-sync1 libxcb-util1 libxcb-xfixes0 libxcb-xinerama0 libxcb-xinput0 libxcb-xkb1 libxcomposite1 libxcursor1
  libxcvt0 libxdamage1 libxfixes3 libxfont2 libxft2 libxi6 libxinerama1 libxkbcommon-x11-0 libxkbcommon0 libxkbfile1 libxnvctrl0
  libxrandr2 libxshmfence1 libxtst6 libxv1 libxxf86dga1 libxxf86vm1 linux-headers-5.15.0-67 linux-headers-5.15.0-67-generic
  linux-headers-generic mesa-vdpau-drivers nsight-compute-2023.1.0 nsight-systems-2023.1.2 nvidia-compute-utils-530 nvidia-dkms-530
  nvidia-driver-530 nvidia-kernel-common-530 nvidia-kernel-source-530 nvidia-modprobe nvidia-prime nvidia-settings nvidia-utils-530
  openjdk-11-jre openjdk-11-jre-headless pkg-config python3-xkit screen-resolution-extra session-migration ubuntu-mono
  vdpau-driver-all x11-utils x11-xkb-utils xcvt xfonts-base xfonts-encodings xfonts-utils xserver-common xserver-xorg-core
  xserver-xorg-video-nvidia-530
0 upgraded, 216 newly installed, 0 to remove and 0 not upgraded.
Need to get 3282 MB of archives.
After this operation, 8681 MB of additional disk space will be used.
Get:1 https://developer.download.nvidia.com/compute/cuda/repos/ubuntu2204/x86_64  cuda-toolkit-config-common 12.1.55-1 [16.4 kB]
Get:2 https://developer.download.nvidia.com/compute/cuda/repos/ubuntu2204/x86_64  cuda-toolkit-12-config-common 12.1.55-1 [16.4 kB]
Get:3 https://developer.download.nvidia.com/compute/cuda/repos/ubuntu2204/x86_64  cuda-toolkit-12-1-config-common 12.1.55-1 [16.3 kB]
Get:4 https://developer.download.nvidia.com/compute/cuda/repos/ubuntu2204/x86_64  cuda-cudart-12-1 12.1.55-1 [159 kB]
Get:5 https://developer.download.nvidia.com/compute/cuda/repos/ubuntu2204/x86_64  cuda-nvrtc-12-1 12.1.55-1 [16.8 MB]
Get:6 http://archive.ubuntu.com/ubuntu jammy-updates/main amd64 cpp-12 amd64 12.1.0-2ubuntu1~22.04 [63.8 MB]
Get:7 http://archive.ubuntu.com/ubuntu jammy-updates/main amd64 libasan8 amd64 12.1.0-2ubuntu1~22.04 [2455 kB]
Get:8 http://archive.ubuntu.com/ubuntu jammy-updates/main amd64 libtsan2 amd64 12.1.0-2ubuntu1~22.04 [2477 kB]
Get:9 http://archive.ubuntu.com/ubuntu jammy-updates/main amd64 libgcc-12-dev amd64 12.1.0-2ubuntu1~22.04 [2618 kB]
Get:10 http://archive.ubuntu.com/ubuntu jammy-updates/main amd64 gcc-12 amd64 12.1.0-2ubuntu1~22.04 [73.1 MB]
Get:11 https://developer.download.nvidia.com/compute/cuda/repos/ubuntu2204/x86_64  cuda-opencl-12-1 12.1.56-1 [23.8 kB]
Get:12 https://developer.download.nvidia.com/compute/cuda/repos/ubuntu2204/x86_64  libcublas-12-1 12.1.0.26-1 [229 MB]
Get:13 http://archive.ubuntu.com/ubuntu jammy/main amd64 dctrl-tools amd64 2.24-3build2 [66.9 kB]
Get:14 http://archive.ubuntu.com/ubuntu jammy-updates/main amd64 dkms all 2.8.7-2ubuntu2.1 [70.0 kB]
Get:15 http://archive.ubuntu.com/ubuntu jammy/main amd64 hicolor-icon-theme all 0.17-2 [9976 B]
Get:16 http://archive.ubuntu.com/ubuntu jammy-updates/main amd64 libgdk-pixbuf2.0-common all 2.42.8+dfsg-1ubuntu0.2 [5530 B]
Get:17 http://archive.ubuntu.com/ubuntu jammy-updates/main amd64 libgdk-pixbuf-2.0-0 amd64 2.42.8+dfsg-1ubuntu0.2 [148 kB]
Get:18 http://archive.ubuntu.com/ubuntu jammy-updates/main amd64 gtk-update-icon-cache amd64 3.24.33-1ubuntu2 [31.4 kB]
Get:19 http://archive.ubuntu.com/ubuntu jammy/main amd64 humanity-icon-theme all 0.6.16 [1282 kB]
Get:20 http://archive.ubuntu.com/ubuntu jammy/main amd64 ubuntu-mono all 20.10-0ubuntu2 [153 kB]
Get:21 http://archive.ubuntu.com/ubuntu jammy/main amd64 adwaita-icon-theme all 41.0-1ubuntu1 [3444 kB]
Get:22 http://archive.ubuntu.com/ubuntu jammy/main amd64 alsa-topology-conf all 1.2.5.1-2 [15.5 kB]
Get:23 http://archive.ubuntu.com/ubuntu jammy/main amd64 libasound2-data all 1.2.6.1-1ubuntu1 [19.1 kB]
Get:24 http://archive.ubuntu.com/ubuntu jammy/main amd64 libasound2 amd64 1.2.6.1-1ubuntu1 [390 kB]
Get:25 http://archive.ubuntu.com/ubuntu jammy-updates/main amd64 alsa-ucm-conf all 1.2.6.3-1ubuntu1.4 [41.6 kB]
Get:26 http://archive.ubuntu.com/ubuntu jammy/main amd64 libxi6 amd64 2:1.8-1build1 [32.6 kB]
Get:27 http://archive.ubuntu.com/ubuntu jammy/main amd64 libatspi2.0-0 amd64 2.44.0-3 [80.9 kB]
Get:28 http://archive.ubuntu.com/ubuntu jammy/main amd64 libxtst6 amd64 2:1.2.3-1build4 [13.4 kB]
Get:29 http://archive.ubuntu.com/ubuntu jammy/main amd64 libdconf1 amd64 0.40.0-3 [40.5 kB]
Get:30 http://archive.ubuntu.com/ubuntu jammy/main amd64 dconf-service amd64 0.40.0-3 [28.5 kB]
Get:31 http://archive.ubuntu.com/ubuntu jammy/main amd64 dconf-gsettings-backend amd64 0.40.0-3 [22.8 kB]
Get:32 http://archive.ubuntu.com/ubuntu jammy/main amd64 session-migration amd64 0.3.6 [9774 B]
Get:33 http://archive.ubuntu.com/ubuntu jammy/main amd64 gsettings-desktop-schemas all 42.0-1ubuntu1 [31.1 kB]
Get:34 http://archive.ubuntu.com/ubuntu jammy/main amd64 at-spi2-core amd64 2.44.0-3 [54.4 kB]
Get:35 http://archive.ubuntu.com/ubuntu jammy/main amd64 java-common all 0.72build2 [6782 B]
Get:36 http://archive.ubuntu.com/ubuntu jammy/main amd64 libavahi-common-data amd64 0.8-5ubuntu5 [23.9 kB]
Get:37 http://archive.ubuntu.com/ubuntu jammy/main amd64 libavahi-common3 amd64 0.8-5ubuntu5 [23.7 kB]
Get:38 http://archive.ubuntu.com/ubuntu jammy/main amd64 libavahi-client3 amd64 0.8-5ubuntu5 [28.1 kB]
Get:39 http://archive.ubuntu.com/ubuntu jammy-updates/main amd64 libcups2 amd64 2.4.1op1-1ubuntu4.1 [264 kB]
Get:40 http://archive.ubuntu.com/ubuntu jammy/main amd64 liblcms2-2 amd64 2.12~rc1-2build2 [159 kB]
Get:41 http://archive.ubuntu.com/ubuntu jammy/main amd64 libnspr4 amd64 2:4.32-3build1 [119 kB]
Get:42 http://archive.ubuntu.com/ubuntu jammy-updates/main amd64 libnss3 amd64 2:3.68.2-0ubuntu1.2 [1280 kB]
Get:43 http://archive.ubuntu.com/ubuntu jammy/main amd64 libpcsclite1 amd64 1.9.5-3 [19.9 kB]
Get:44 http://archive.ubuntu.com/ubuntu jammy-updates/main amd64 openjdk-11-jre-headless amd64 11.0.18+10-0ubuntu1~22.04 [41.6 MB]
Get:45 http://archive.ubuntu.com/ubuntu jammy/main amd64 default-jre-headless amd64 2:1.11-72build2 [3042 B]
Get:46 http://archive.ubuntu.com/ubuntu jammy-updates/main amd64 ca-certificates-java all 20190909ubuntu1.1 [12.0 kB]
Get:47 http://archive.ubuntu.com/ubuntu jammy/main amd64 libglvnd0 amd64 1.4.0-1 [73.6 kB]
Get:48 http://archive.ubuntu.com/ubuntu jammy-updates/main amd64 libglapi-mesa amd64 22.2.5-0ubuntu0.1~22.04.1 [35.3 kB]
Get:49 http://archive.ubuntu.com/ubuntu jammy/main amd64 libx11-xcb1 amd64 2:1.7.5-1 [7790 B]
Get:50 http://archive.ubuntu.com/ubuntu jammy/main amd64 libxcb-dri2-0 amd64 1.14-3ubuntu3 [7206 B]
Get:51 http://archive.ubuntu.com/ubuntu jammy/main amd64 libxcb-dri3-0 amd64 1.14-3ubuntu3 [6968 B]
Get:52 http://archive.ubuntu.com/ubuntu jammy/main amd64 libxcb-glx0 amd64 1.14-3ubuntu3 [25.9 kB]
Get:53 http://archive.ubuntu.com/ubuntu jammy/main amd64 libxcb-present0 amd64 1.14-3ubuntu3 [5734 B]
Get:54 http://archive.ubuntu.com/ubuntu jammy/main amd64 libxcb-sync1 amd64 1.14-3ubuntu3 [9416 B]
Get:55 http://archive.ubuntu.com/ubuntu jammy/main amd64 libxcb-xfixes0 amd64 1.14-3ubuntu3 [9996 B]
Get:56 http://archive.ubuntu.com/ubuntu jammy/main amd64 libxfixes3 amd64 1:6.0.0-1 [11.7 kB]
Get:57 http://archive.ubuntu.com/ubuntu jammy/main amd64 libxshmfence1 amd64 1.3-1build4 [5394 B]
Get:58 http://archive.ubuntu.com/ubuntu jammy/main amd64 libxxf86vm1 amd64 1:1.1.4-1build3 [10.4 kB]
Get:59 http://archive.ubuntu.com/ubuntu jammy-updates/main amd64 libdrm-amdgpu1 amd64 2.4.113-2~ubuntu0.22.04.1 [19.9 kB]
Get:60 http://archive.ubuntu.com/ubuntu jammy-updates/main amd64 libdrm-nouveau2 amd64 2.4.113-2~ubuntu0.22.04.1 [17.5 kB]
Get:61 http://archive.ubuntu.com/ubuntu jammy-updates/main amd64 libdrm-radeon1 amd64 2.4.113-2~ubuntu0.22.04.1 [21.6 kB]
Get:62 http://archive.ubuntu.com/ubuntu jammy-updates/main amd64 libllvm15 amd64 1:15.0.6-3~ubuntu0.22.04.2 [25.4 MB]
Get:63 http://archive.ubuntu.com/ubuntu jammy/main amd64 libsensors-config all 1:3.6.0-7ubuntu1 [5274 B]
Get:64 http://archive.ubuntu.com/ubuntu jammy/main amd64 libsensors5 amd64 1:3.6.0-7ubuntu1 [26.3 kB]
Get:65 http://archive.ubuntu.com/ubuntu jammy-updates/main amd64 libgl1-mesa-dri amd64 22.2.5-0ubuntu0.1~22.04.1 [7511 kB]
Get:66 http://archive.ubuntu.com/ubuntu jammy-updates/main amd64 libglx-mesa0 amd64 22.2.5-0ubuntu0.1~22.04.1 [158 kB]
Get:67 http://archive.ubuntu.com/ubuntu jammy/main amd64 libglx0 amd64 1.4.0-1 [41.0 kB]
Get:68 http://archive.ubuntu.com/ubuntu jammy/main amd64 libgl1 amd64 1.4.0-1 [110 kB]
Get:69 http://archive.ubuntu.com/ubuntu jammy-updates/main amd64 libwayland-server0 amd64 1.20.0-1ubuntu0.1 [34.3 kB]
Get:70 http://archive.ubuntu.com/ubuntu jammy-updates/main amd64 libgbm1 amd64 22.2.5-0ubuntu0.1~22.04.1 [33.0 kB]
Get:71 http://archive.ubuntu.com/ubuntu jammy-updates/main amd64 libwayland-client0 amd64 1.20.0-1ubuntu0.1 [25.9 kB]
Get:72 http://archive.ubuntu.com/ubuntu jammy-updates/main amd64 libegl-mesa0 amd64 22.2.5-0ubuntu0.1~22.04.1 [111 kB]
Get:73 http://archive.ubuntu.com/ubuntu jammy/main amd64 libegl1 amd64 1.4.0-1 [28.6 kB]
Get:74 http://archive.ubuntu.com/ubuntu jammy/main amd64 libopengl0 amd64 1.4.0-1 [36.5 kB]
Get:75 http://archive.ubuntu.com/ubuntu jammy/main amd64 libgles2 amd64 1.4.0-1 [18.0 kB]
Get:76 http://archive.ubuntu.com/ubuntu jammy/main amd64 libpciaccess0 amd64 0.16-3 [19.1 kB]
Get:77 http://archive.ubuntu.com/ubuntu jammy/main amd64 libxkbfile1 amd64 1:1.1.0-1build3 [71.8 kB]
Get:78 http://archive.ubuntu.com/ubuntu jammy/main amd64 x11-xkb-utils amd64 7.7+5build4 [172 kB]
Get:79 http://archive.ubuntu.com/ubuntu jammy-updates/main amd64 xserver-common all 2:21.1.3-2ubuntu2.7 [28.2 kB]
Get:80 http://archive.ubuntu.com/ubuntu jammy/main amd64 libepoxy0 amd64 1.5.10-1 [237 kB]
Get:81 http://archive.ubuntu.com/ubuntu jammy/main amd64 libxcvt0 amd64 0.1.1-3 [5494 B]
Get:82 http://archive.ubuntu.com/ubuntu jammy/main amd64 libfontenc1 amd64 1:1.1.4-1build3 [14.7 kB]
Get:83 http://archive.ubuntu.com/ubuntu jammy/main amd64 libxfont2 amd64 1:2.0.5-1build1 [94.5 kB]
Get:84 http://archive.ubuntu.com/ubuntu jammy-updates/main amd64 xserver-xorg-core amd64 2:21.1.3-2ubuntu2.7 [1476 kB]
Get:85 http://archive.ubuntu.com/ubuntu jammy/main amd64 pkg-config amd64 0.29.2-1ubuntu3 [48.2 kB]
Get:86 http://archive.ubuntu.com/ubuntu jammy/main amd64 python3-xkit all 0.5.0ubuntu5 [18.5 kB]
Get:87 http://archive.ubuntu.com/ubuntu jammy/main amd64 screen-resolution-extra all 0.18.2 [4396 B]
Get:88 http://archive.ubuntu.com/ubuntu jammy/main amd64 libvdpau1 amd64 1.4-3build2 [27.0 kB]
Get:89 http://archive.ubuntu.com/ubuntu jammy/main amd64 libatk1.0-data all 2.36.0-3build1 [2824 B]
Get:90 http://archive.ubuntu.com/ubuntu jammy/main amd64 libatk1.0-0 amd64 2.36.0-3build1 [51.9 kB]
Get:91 http://archive.ubuntu.com/ubuntu jammy/main amd64 libatk-bridge2.0-0 amd64 2.38.0-3 [66.6 kB]
Get:92 http://archive.ubuntu.com/ubuntu jammy/main amd64 libcairo-gobject2 amd64 1.16.0-5ubuntu2 [19.4 kB]
Get:93 http://archive.ubuntu.com/ubuntu jammy/main amd64 libcolord2 amd64 1.4.6-1 [155 kB]
Get:94 http://archive.ubuntu.com/ubuntu jammy-updates/main amd64 libwayland-cursor0 amd64 1.20.0-1ubuntu0.1 [10.7 kB]
Get:95 http://archive.ubuntu.com/ubuntu jammy-updates/main amd64 libwayland-egl1 amd64 1.20.0-1ubuntu0.1 [5582 B]
Get:96 http://archive.ubuntu.com/ubuntu jammy/main amd64 libxcomposite1 amd64 1:0.4.5-1build2 [7192 B]
Get:97 http://archive.ubuntu.com/ubuntu jammy/main amd64 libxcursor1 amd64 1:1.2.0-2build4 [20.9 kB]
Get:98 http://archive.ubuntu.com/ubuntu jammy/main amd64 libxdamage1 amd64 1:1.1.5-2build2 [7154 B]
Get:99 http://archive.ubuntu.com/ubuntu jammy/main amd64 libxinerama1 amd64 2:1.1.4-3 [7382 B]
Get:100 http://archive.ubuntu.com/ubuntu jammy/main amd64 libxkbcommon0 amd64 1.4.0-1 [125 kB]
Get:101 http://archive.ubuntu.com/ubuntu jammy/main amd64 libxrandr2 amd64 2:1.5.2-1build1 [20.4 kB]
Get:102 http://archive.ubuntu.com/ubuntu jammy-updates/main amd64 libgtk-3-common all 3.24.33-1ubuntu2 [239 kB]
Get:103 http://archive.ubuntu.com/ubuntu jammy-updates/main amd64 libgtk-3-0 amd64 3.24.33-1ubuntu2 [3053 kB]
Get:104 http://archive.ubuntu.com/ubuntu jammy/universe amd64 libtinfo5 amd64 6.3-2 [99.2 kB]
Get:105 http://archive.ubuntu.com/ubuntu jammy/main amd64 libxcb-xinerama0 amd64 1.14-3ubuntu3 [5414 B]
Get:106 http://archive.ubuntu.com/ubuntu jammy/main amd64 libxcb-icccm4 amd64 0.4.1-1.1build2 [11.5 kB]
Get:107 http://archive.ubuntu.com/ubuntu jammy/main amd64 libxcb-util1 amd64 0.4.0-1build2 [11.4 kB]
Get:108 http://archive.ubuntu.com/ubuntu jammy/main amd64 libxcb-image0 amd64 0.4.0-2 [11.5 kB]
Get:109 http://archive.ubuntu.com/ubuntu jammy/main amd64 libxcb-keysyms1 amd64 0.4.0-1build3 [8746 B]
Get:110 http://archive.ubuntu.com/ubuntu jammy/main amd64 libxcb-randr0 amd64 1.14-3ubuntu3 [18.3 kB]
Get:111 http://archive.ubuntu.com/ubuntu jammy/main amd64 libxcb-render-util0 amd64 0.3.9-1build3 [10.3 kB]
Get:112 http://archive.ubuntu.com/ubuntu jammy/main amd64 libxcb-shape0 amd64 1.14-3ubuntu3 [6158 B]
Get:113 http://archive.ubuntu.com/ubuntu jammy/main amd64 libxcb-xkb1 amd64 1.14-3ubuntu3 [32.8 kB]
Get:114 http://archive.ubuntu.com/ubuntu jammy/main amd64 libxkbcommon-x11-0 amd64 1.4.0-1 [14.4 kB]
Get:115 http://archive.ubuntu.com/ubuntu jammy/main amd64 libxcb-xinput0 amd64 1.14-3ubuntu3 [34.3 kB]
Get:116 http://archive.ubuntu.com/ubuntu jammy/main amd64 libgif7 amd64 5.1.9-2build2 [33.8 kB]
Get:117 http://archive.ubuntu.com/ubuntu jammy-updates/main amd64 openjdk-11-jre amd64 11.0.18+10-0ubuntu1~22.04 [193 kB]
Get:118 http://archive.ubuntu.com/ubuntu jammy/main amd64 default-jre amd64 2:1.11-72build2 [896 B]
Get:119 http://archive.ubuntu.com/ubuntu jammy/main amd64 fonts-dejavu-extra all 2.37-2build1 [2041 kB]
Get:120 http://archive.ubuntu.com/ubuntu jammy/main amd64 libxft2 amd64 2.3.4-1 [41.8 kB]
Get:121 http://archive.ubuntu.com/ubuntu jammy/main amd64 libxv1 amd64 2:1.0.11-1build2 [11.2 kB]
Get:122 http://archive.ubuntu.com/ubuntu jammy/main amd64 libxxf86dga1 amd64 2:1.1.5-0ubuntu3 [12.6 kB]
Get:123 http://archive.ubuntu.com/ubuntu jammy/main amd64 x11-utils amd64 7.7+5build2 [206 kB]
Get:124 http://archive.ubuntu.com/ubuntu jammy/main amd64 libatk-wrapper-java all 0.38.0-5build1 [53.1 kB]
Get:125 http://archive.ubuntu.com/ubuntu jammy/main amd64 libatk-wrapper-java-jni amd64 0.38.0-5build1 [49.0 kB]
Get:126 http://archive.ubuntu.com/ubuntu jammy-updates/main amd64 libdrm-intel1 amd64 2.4.113-2~ubuntu0.22.04.1 [66.7 kB]
Get:127 http://archive.ubuntu.com/ubuntu jammy-updates/main amd64 libgdk-pixbuf2.0-bin amd64 2.42.8+dfsg-1ubuntu0.2 [14.2 kB]
Get:128 http://archive.ubuntu.com/ubuntu jammy/main amd64 libgl1-amber-dri amd64 21.3.7-0ubuntu1 [4433 kB]
Get:129 http://archive.ubuntu.com/ubuntu jammy-updates/main amd64 libgtk-3-bin amd64 3.24.33-1ubuntu2 [69.5 kB]
Get:130 http://archive.ubuntu.com/ubuntu jammy/main amd64 librsvg2-2 amd64 2.52.5+dfsg-3 [3020 kB]
Get:131 http://archive.ubuntu.com/ubuntu jammy/main amd64 librsvg2-common amd64 2.52.5+dfsg-3 [17.7 kB]
Get:132 http://archive.ubuntu.com/ubuntu jammy-updates/main amd64 linux-headers-5.15.0-67 all 5.15.0-67.74 [12.3 MB]
Get:133 http://archive.ubuntu.com/ubuntu jammy-updates/main amd64 linux-headers-5.15.0-67-generic amd64 5.15.0-67.74 [2862 kB]
Get:134 http://archive.ubuntu.com/ubuntu jammy-updates/main amd64 linux-headers-generic amd64 5.15.0.67.65 [2318 B]
Get:135 http://archive.ubuntu.com/ubuntu jammy-updates/main amd64 mesa-vdpau-drivers amd64 22.2.5-0ubuntu0.1~22.04.1 [3312 kB]
Get:136 http://archive.ubuntu.com/ubuntu jammy/main amd64 nvidia-prime all 0.8.17.1 [9956 B]
Get:137 http://archive.ubuntu.com/ubuntu jammy/main amd64 vdpau-driver-all amd64 1.4-3build2 [4510 B]
Get:138 http://archive.ubuntu.com/ubuntu jammy/main amd64 xcvt amd64 0.1.1-3 [7140 B]
Get:139 http://archive.ubuntu.com/ubuntu jammy/main amd64 xfonts-encodings all 1:1.0.5-0ubuntu2 [578 kB]
Get:140 http://archive.ubuntu.com/ubuntu jammy/main amd64 xfonts-utils amd64 1:7.7+6build2 [94.6 kB]
Get:141 http://archive.ubuntu.com/ubuntu jammy/main amd64 xfonts-base all 1:1.0.5 [5896 kB]
Get:142 https://developer.download.nvidia.com/compute/cuda/repos/ubuntu2204/x86_64  libcufft-12-1 11.0.2.4-1 [59.9 MB]
Get:143 https://developer.download.nvidia.com/compute/cuda/repos/ubuntu2204/x86_64  libcufile-12-1 1.6.0.25-1 [642 kB]
Get:144 https://developer.download.nvidia.com/compute/cuda/repos/ubuntu2204/x86_64  libcurand-12-1 10.3.2.56-1 [41.5 MB]
Get:145 https://developer.download.nvidia.com/compute/cuda/repos/ubuntu2204/x86_64  libcusolver-12-1 11.4.4.55-1 [51.0 MB]
Get:146 https://developer.download.nvidia.com/compute/cuda/repos/ubuntu2204/x86_64  libcusparse-12-1 12.0.2.55-1 [105 MB]
Get:147 https://developer.download.nvidia.com/compute/cuda/repos/ubuntu2204/x86_64  libnpp-12-1 12.0.2.50-1 [95.2 MB]
Get:148 https://developer.download.nvidia.com/compute/cuda/repos/ubuntu2204/x86_64  libnvjitlink-12-1 12.1.55-1 [14.7 MB]
Get:149 https://developer.download.nvidia.com/compute/cuda/repos/ubuntu2204/x86_64  libnvjpeg-12-1 12.1.0.39-1 [1941 kB]
Get:150 https://developer.download.nvidia.com/compute/cuda/repos/ubuntu2204/x86_64  cuda-libraries-12-1 12.1.0-1 [2594 B]
Get:151 https://developer.download.nvidia.com/compute/cuda/repos/ubuntu2204/x86_64  libnvidia-common-530 530.30.02-0ubuntu1 [10.5 kB]
Get:152 https://developer.download.nvidia.com/compute/cuda/repos/ubuntu2204/x86_64  libnvidia-compute-530 530.30.02-0ubuntu1 [50.6 MB]
Get:153 https://developer.download.nvidia.com/compute/cuda/repos/ubuntu2204/x86_64  libnvidia-decode-530 530.30.02-0ubuntu1 [1616 kB]
Get:154 https://developer.download.nvidia.com/compute/cuda/repos/ubuntu2204/x86_64  libnvidia-encode-530 530.30.02-0ubuntu1 [82.6 kB]
Get:155 https://developer.download.nvidia.com/compute/cuda/repos/ubuntu2204/x86_64  libnvidia-fbc1-530 530.30.02-0ubuntu1 [47.4 kB]
Get:156 https://developer.download.nvidia.com/compute/cuda/repos/ubuntu2204/x86_64  libnvidia-gl-530 530.30.02-0ubuntu1 [185 MB]
Get:157 https://developer.download.nvidia.com/compute/cuda/repos/ubuntu2204/x86_64  nvidia-compute-utils-530 530.30.02-0ubuntu1 [277 kB]
Get:158 https://developer.download.nvidia.com/compute/cuda/repos/ubuntu2204/x86_64  nvidia-kernel-source-530 530.30.02-0ubuntu1 [43.4 MB]
Get:159 https://developer.download.nvidia.com/compute/cuda/repos/ubuntu2204/x86_64  nvidia-kernel-common-530 530.30.02-0ubuntu1 [40.2 MB]
Get:160 https://developer.download.nvidia.com/compute/cuda/repos/ubuntu2204/x86_64  nvidia-dkms-530 530.30.02-0ubuntu1 [29.5 kB]
Get:161 https://developer.download.nvidia.com/compute/cuda/repos/ubuntu2204/x86_64  libnvidia-extra-530 530.30.02-0ubuntu1 [245 kB]
Get:162 https://developer.download.nvidia.com/compute/cuda/repos/ubuntu2204/x86_64  nvidia-utils-530 530.30.02-0ubuntu1 [357 kB]
Get:163 https://developer.download.nvidia.com/compute/cuda/repos/ubuntu2204/x86_64  libnvidia-cfg1-530 530.30.02-0ubuntu1 [92.5 kB]
Get:164 https://developer.download.nvidia.com/compute/cuda/repos/ubuntu2204/x86_64  xserver-xorg-video-nvidia-530 530.30.02-0ubuntu1 [1497 kB]
Get:165 https://developer.download.nvidia.com/compute/cuda/repos/ubuntu2204/x86_64  nvidia-driver-530 530.30.02-0ubuntu1 [458 kB]
Get:166 https://developer.download.nvidia.com/compute/cuda/repos/ubuntu2204/x86_64  nvidia-modprobe 530.30.02-0ubuntu1 [20.5 kB]
Get:167 https://developer.download.nvidia.com/compute/cuda/repos/ubuntu2204/x86_64  libxnvctrl0 530.30.02-0ubuntu1 [21.3 kB]
Get:168 https://developer.download.nvidia.com/compute/cuda/repos/ubuntu2204/x86_64  nvidia-settings 530.30.02-0ubuntu1 [944 kB]
Get:169 https://developer.download.nvidia.com/compute/cuda/repos/ubuntu2204/x86_64  cuda-drivers-530 530.30.02-1 [2634 B]
Get:170 https://developer.download.nvidia.com/compute/cuda/repos/ubuntu2204/x86_64  cuda-drivers 530.30.02-1 [2506 B]
Get:171 https://developer.download.nvidia.com/compute/cuda/repos/ubuntu2204/x86_64  cuda-runtime-12-1 12.1.0-1 [2502 B]
Get:172 https://developer.download.nvidia.com/compute/cuda/repos/ubuntu2204/x86_64  cuda-cuobjdump-12-1 12.1.55-1 [169 kB]
Get:173 https://developer.download.nvidia.com/compute/cuda/repos/ubuntu2204/x86_64  cuda-cuxxfilt-12-1 12.1.55-1 [190 kB]
Get:174 https://developer.download.nvidia.com/compute/cuda/repos/ubuntu2204/x86_64  cuda-cccl-12-1 12.1.55-1 [1060 kB]
Get:175 https://developer.download.nvidia.com/compute/cuda/repos/ubuntu2204/x86_64  cuda-driver-dev-12-1 12.1.55-1 [27.7 kB]
Get:176 https://developer.download.nvidia.com/compute/cuda/repos/ubuntu2204/x86_64  cuda-cudart-dev-12-1 12.1.55-1 [894 kB]
Get:177 https://developer.download.nvidia.com/compute/cuda/repos/ubuntu2204/x86_64  cuda-nvcc-12-1 12.1.66-1 [44.7 MB]
Get:178 https://developer.download.nvidia.com/compute/cuda/repos/ubuntu2204/x86_64  cuda-nvprune-12-1 12.1.55-1 [58.5 kB]
Get:179 https://developer.download.nvidia.com/compute/cuda/repos/ubuntu2204/x86_64  cuda-compiler-12-1 12.1.0-1 [2510 B]
Get:180 https://developer.download.nvidia.com/compute/cuda/repos/ubuntu2204/x86_64  cuda-profiler-api-12-1 12.1.55-1 [18.5 kB]
Get:181 https://developer.download.nvidia.com/compute/cuda/repos/ubuntu2204/x86_64  cuda-nvrtc-dev-12-1 12.1.55-1 [13.9 MB]
Get:182 https://developer.download.nvidia.com/compute/cuda/repos/ubuntu2204/x86_64  cuda-opencl-dev-12-1 12.1.56-1 [70.3 kB]
Get:183 https://developer.download.nvidia.com/compute/cuda/repos/ubuntu2204/x86_64  libcublas-dev-12-1 12.1.0.26-1 [243 MB]
Get:184 https://developer.download.nvidia.com/compute/cuda/repos/ubuntu2204/x86_64  libcufft-dev-12-1 11.0.2.4-1 [117 MB]
Get:185 https://developer.download.nvidia.com/compute/cuda/repos/ubuntu2204/x86_64  libcufile-dev-12-1 1.6.0.25-1 [1562 kB]
Get:186 https://developer.download.nvidia.com/compute/cuda/repos/ubuntu2204/x86_64  libcurand-dev-12-1 10.3.2.56-1 [41.7 MB]
Get:187 https://developer.download.nvidia.com/compute/cuda/repos/ubuntu2204/x86_64  libcusolver-dev-12-1 11.4.4.55-1 [33.5 MB]
Get:188 https://developer.download.nvidia.com/compute/cuda/repos/ubuntu2204/x86_64  libcusparse-dev-12-1 12.0.2.55-1 [105 MB]
Get:189 https://developer.download.nvidia.com/compute/cuda/repos/ubuntu2204/x86_64  libnpp-dev-12-1 12.0.2.50-1 [92.7 MB]
Get:190 https://developer.download.nvidia.com/compute/cuda/repos/ubuntu2204/x86_64  libnvjitlink-dev-12-1 12.1.55-1 [11.4 MB]
Get:191 https://developer.download.nvidia.com/compute/cuda/repos/ubuntu2204/x86_64  libnvjpeg-dev-12-1 12.1.0.39-1 [1617 kB]
Get:192 https://developer.download.nvidia.com/compute/cuda/repos/ubuntu2204/x86_64  cuda-libraries-dev-12-1 12.1.0-1 [2638 B]
Get:193 https://developer.download.nvidia.com/compute/cuda/repos/ubuntu2204/x86_64  cuda-cupti-12-1 12.1.62-1 [16.7 MB]
Get:194 https://developer.download.nvidia.com/compute/cuda/repos/ubuntu2204/x86_64  cuda-cupti-dev-12-1 12.1.62-1 [2551 kB]
Get:195 https://developer.download.nvidia.com/compute/cuda/repos/ubuntu2204/x86_64  cuda-nvdisasm-12-1 12.1.55-1 [49.9 MB]
Get:196 https://developer.download.nvidia.com/compute/cuda/repos/ubuntu2204/x86_64  cuda-gdb-12-1 12.1.55-1 [4538 kB]
Get:197 https://developer.download.nvidia.com/compute/cuda/repos/ubuntu2204/x86_64  cuda-nvprof-12-1 12.1.55-1 [2434 kB]
Get:198 https://developer.download.nvidia.com/compute/cuda/repos/ubuntu2204/x86_64  cuda-nvtx-12-1 12.1.66-1 [51.4 kB]
Get:199 https://developer.download.nvidia.com/compute/cuda/repos/ubuntu2204/x86_64  cuda-sanitizer-12-1 12.1.55-1 [8919 kB]
Get:200 https://developer.download.nvidia.com/compute/cuda/repos/ubuntu2204/x86_64  cuda-command-line-tools-12-1 12.1.0-1 [2546 B]
Get:201 https://developer.download.nvidia.com/compute/cuda/repos/ubuntu2204/x86_64  nsight-compute-2023.1.0 2023.1.0.15-1 [703 MB]
Get:202 https://developer.download.nvidia.com/compute/cuda/repos/ubuntu2204/x86_64  cuda-nsight-compute-12-1 12.1.0-1 [4064 B]
Get:203 https://developer.download.nvidia.com/compute/cuda/repos/ubuntu2204/x86_64  nsight-systems-2023.1.2 2023.1.2.43-32377213v0 [297 MB]
Get:204 https://developer.download.nvidia.com/compute/cuda/repos/ubuntu2204/x86_64  cuda-nsight-systems-12-1 12.1.0-1 [3428 B]
Get:205 https://developer.download.nvidia.com/compute/cuda/repos/ubuntu2204/x86_64  cuda-nsight-12-1 12.1.55-1 [119 MB]
Get:206 https://developer.download.nvidia.com/compute/cuda/repos/ubuntu2204/x86_64  cuda-nvml-dev-12-1 12.1.55-1 [83.4 kB]
Get:207 https://developer.download.nvidia.com/compute/cuda/repos/ubuntu2204/x86_64  cuda-nvvp-12-1 12.1.55-1 [115 MB]
Get:208 https://developer.download.nvidia.com/compute/cuda/repos/ubuntu2204/x86_64  cuda-visual-tools-12-1 12.1.0-1 [2942 B]
Get:209 https://developer.download.nvidia.com/compute/cuda/repos/ubuntu2204/x86_64  gds-tools-12-1 1.6.0.25-1 [39.2 MB]
Get:210 https://developer.download.nvidia.com/compute/cuda/repos/ubuntu2204/x86_64  cuda-tools-12-1 12.1.0-1 [2466 B]
Get:211 https://developer.download.nvidia.com/compute/cuda/repos/ubuntu2204/x86_64  cuda-documentation-12-1 12.1.55-1 [49.9 kB]
Get:212 https://developer.download.nvidia.com/compute/cuda/repos/ubuntu2204/x86_64  libnvvm-samples-12-1 12.1.55-1 [31.8 kB]
Get:213 https://developer.download.nvidia.com/compute/cuda/repos/ubuntu2204/x86_64  cuda-toolkit-12-1 12.1.0-1 [3316 B]
Get:214 https://developer.download.nvidia.com/compute/cuda/repos/ubuntu2204/x86_64  cuda-demo-suite-12-1 12.1.55-1 [3978 kB]
Get:215 https://developer.download.nvidia.com/compute/cuda/repos/ubuntu2204/x86_64  cuda-12-1 12.1.0-1 [2526 B]
Get:216 https://developer.download.nvidia.com/compute/cuda/repos/ubuntu2204/x86_64  cuda 12.1.0-1 [2478 B]
Fetched 3282 MB in 1h 5min 57s (829 kB/s)
Extracting templates from packages: 100%
Selecting previously unselected package cpp-12.
(Reading database ... 38350 files and directories currently installed.)
Preparing to unpack .../000-cpp-12_12.1.0-2ubuntu1~22.04_amd64.deb ...
Unpacking cpp-12 (12.1.0-2ubuntu1~22.04) ...
Selecting previously unselected package libasan8:amd64.
Preparing to unpack .../001-libasan8_12.1.0-2ubuntu1~22.04_amd64.deb ...
Unpacking libasan8:amd64 (12.1.0-2ubuntu1~22.04) ...
Selecting previously unselected package libtsan2:amd64.
Preparing to unpack .../002-libtsan2_12.1.0-2ubuntu1~22.04_amd64.deb ...
Unpacking libtsan2:amd64 (12.1.0-2ubuntu1~22.04) ...
Selecting previously unselected package libgcc-12-dev:amd64.
Preparing to unpack .../003-libgcc-12-dev_12.1.0-2ubuntu1~22.04_amd64.deb ...
Unpacking libgcc-12-dev:amd64 (12.1.0-2ubuntu1~22.04) ...
Selecting previously unselected package gcc-12.
Preparing to unpack .../004-gcc-12_12.1.0-2ubuntu1~22.04_amd64.deb ...
Unpacking gcc-12 (12.1.0-2ubuntu1~22.04) ...
Selecting previously unselected package dctrl-tools.
Preparing to unpack .../005-dctrl-tools_2.24-3build2_amd64.deb ...
Unpacking dctrl-tools (2.24-3build2) ...
Selecting previously unselected package dkms.
Preparing to unpack .../006-dkms_2.8.7-2ubuntu2.1_all.deb ...
Unpacking dkms (2.8.7-2ubuntu2.1) ...
Selecting previously unselected package hicolor-icon-theme.
Preparing to unpack .../007-hicolor-icon-theme_0.17-2_all.deb ...
Unpacking hicolor-icon-theme (0.17-2) ...
Selecting previously unselected package libgdk-pixbuf2.0-common.
Preparing to unpack .../008-libgdk-pixbuf2.0-common_2.42.8+dfsg-1ubuntu0.2_all.deb ...
Unpacking libgdk-pixbuf2.0-common (2.42.8+dfsg-1ubuntu0.2) ...
Selecting previously unselected package libgdk-pixbuf-2.0-0:amd64.
Preparing to unpack .../009-libgdk-pixbuf-2.0-0_2.42.8+dfsg-1ubuntu0.2_amd64.deb ...
Unpacking libgdk-pixbuf-2.0-0:amd64 (2.42.8+dfsg-1ubuntu0.2) ...
Selecting previously unselected package gtk-update-icon-cache.
Preparing to unpack .../010-gtk-update-icon-cache_3.24.33-1ubuntu2_amd64.deb ...
Unpacking gtk-update-icon-cache (3.24.33-1ubuntu2) ...
Selecting previously unselected package humanity-icon-theme.
Preparing to unpack .../011-humanity-icon-theme_0.6.16_all.deb ...
Unpacking humanity-icon-theme (0.6.16) ...
Selecting previously unselected package ubuntu-mono.
Preparing to unpack .../012-ubuntu-mono_20.10-0ubuntu2_all.deb ...
Unpacking ubuntu-mono (20.10-0ubuntu2) ...
Selecting previously unselected package adwaita-icon-theme.
Preparing to unpack .../013-adwaita-icon-theme_41.0-1ubuntu1_all.deb ...
Unpacking adwaita-icon-theme (41.0-1ubuntu1) ...
Selecting previously unselected package alsa-topology-conf.
Preparing to unpack .../014-alsa-topology-conf_1.2.5.1-2_all.deb ...
Unpacking alsa-topology-conf (1.2.5.1-2) ...
Selecting previously unselected package libasound2-data.
Preparing to unpack .../015-libasound2-data_1.2.6.1-1ubuntu1_all.deb ...
Unpacking libasound2-data (1.2.6.1-1ubuntu1) ...
Selecting previously unselected package libasound2:amd64.
Preparing to unpack .../016-libasound2_1.2.6.1-1ubuntu1_amd64.deb ...
Unpacking libasound2:amd64 (1.2.6.1-1ubuntu1) ...
Selecting previously unselected package alsa-ucm-conf.
Preparing to unpack .../017-alsa-ucm-conf_1.2.6.3-1ubuntu1.4_all.deb ...
Unpacking alsa-ucm-conf (1.2.6.3-1ubuntu1.4) ...
Selecting previously unselected package libxi6:amd64.
Preparing to unpack .../018-libxi6_2%3a1.8-1build1_amd64.deb ...
Unpacking libxi6:amd64 (2:1.8-1build1) ...
Selecting previously unselected package libatspi2.0-0:amd64.
Preparing to unpack .../019-libatspi2.0-0_2.44.0-3_amd64.deb ...
Unpacking libatspi2.0-0:amd64 (2.44.0-3) ...
Selecting previously unselected package libxtst6:amd64.
Preparing to unpack .../020-libxtst6_2%3a1.2.3-1build4_amd64.deb ...
Unpacking libxtst6:amd64 (2:1.2.3-1build4) ...
Selecting previously unselected package libdconf1:amd64.
Preparing to unpack .../021-libdconf1_0.40.0-3_amd64.deb ...
Unpacking libdconf1:amd64 (0.40.0-3) ...
Selecting previously unselected package dconf-service.
Preparing to unpack .../022-dconf-service_0.40.0-3_amd64.deb ...
Unpacking dconf-service (0.40.0-3) ...
Selecting previously unselected package dconf-gsettings-backend:amd64.
Preparing to unpack .../023-dconf-gsettings-backend_0.40.0-3_amd64.deb ...
Unpacking dconf-gsettings-backend:amd64 (0.40.0-3) ...
Selecting previously unselected package session-migration.
Preparing to unpack .../024-session-migration_0.3.6_amd64.deb ...
Unpacking session-migration (0.3.6) ...
Selecting previously unselected package gsettings-desktop-schemas.
Preparing to unpack .../025-gsettings-desktop-schemas_42.0-1ubuntu1_all.deb ...
Unpacking gsettings-desktop-schemas (42.0-1ubuntu1) ...
Selecting previously unselected package at-spi2-core.
Preparing to unpack .../026-at-spi2-core_2.44.0-3_amd64.deb ...
Unpacking at-spi2-core (2.44.0-3) ...
Selecting previously unselected package java-common.
Preparing to unpack .../027-java-common_0.72build2_all.deb ...
Unpacking java-common (0.72build2) ...
Selecting previously unselected package libavahi-common-data:amd64.
Preparing to unpack .../028-libavahi-common-data_0.8-5ubuntu5_amd64.deb ...
Unpacking libavahi-common-data:amd64 (0.8-5ubuntu5) ...
Selecting previously unselected package libavahi-common3:amd64.
Preparing to unpack .../029-libavahi-common3_0.8-5ubuntu5_amd64.deb ...
Unpacking libavahi-common3:amd64 (0.8-5ubuntu5) ...
Selecting previously unselected package libavahi-client3:amd64.
Preparing to unpack .../030-libavahi-client3_0.8-5ubuntu5_amd64.deb ...
Unpacking libavahi-client3:amd64 (0.8-5ubuntu5) ...
Selecting previously unselected package libcups2:amd64.
Preparing to unpack .../031-libcups2_2.4.1op1-1ubuntu4.1_amd64.deb ...
Unpacking libcups2:amd64 (2.4.1op1-1ubuntu4.1) ...
Selecting previously unselected package liblcms2-2:amd64.
Preparing to unpack .../032-liblcms2-2_2.12~rc1-2build2_amd64.deb ...
Unpacking liblcms2-2:amd64 (2.12~rc1-2build2) ...
Selecting previously unselected package libnspr4:amd64.
Preparing to unpack .../033-libnspr4_2%3a4.32-3build1_amd64.deb ...
Unpacking libnspr4:amd64 (2:4.32-3build1) ...
Selecting previously unselected package libnss3:amd64.
Preparing to unpack .../034-libnss3_2%3a3.68.2-0ubuntu1.2_amd64.deb ...
Unpacking libnss3:amd64 (2:3.68.2-0ubuntu1.2) ...
Selecting previously unselected package libpcsclite1:amd64.
Preparing to unpack .../035-libpcsclite1_1.9.5-3_amd64.deb ...
Unpacking libpcsclite1:amd64 (1.9.5-3) ...
Selecting previously unselected package openjdk-11-jre-headless:amd64.
Preparing to unpack .../036-openjdk-11-jre-headless_11.0.18+10-0ubuntu1~22.04_amd64.deb ...
Unpacking openjdk-11-jre-headless:amd64 (11.0.18+10-0ubuntu1~22.04) ...
Selecting previously unselected package default-jre-headless.
Preparing to unpack .../037-default-jre-headless_2%3a1.11-72build2_amd64.deb ...
Unpacking default-jre-headless (2:1.11-72build2) ...
Selecting previously unselected package ca-certificates-java.
Preparing to unpack .../038-ca-certificates-java_20190909ubuntu1.1_all.deb ...
Unpacking ca-certificates-java (20190909ubuntu1.1) ...
Selecting previously unselected package cuda-toolkit-config-common.
Preparing to unpack .../039-cuda-toolkit-config-common_12.1.55-1_all.deb ...
Unpacking cuda-toolkit-config-common (12.1.55-1) ...
Selecting previously unselected package cuda-toolkit-12-config-common.
Preparing to unpack .../040-cuda-toolkit-12-config-common_12.1.55-1_all.deb ...
Unpacking cuda-toolkit-12-config-common (12.1.55-1) ...
Selecting previously unselected package cuda-toolkit-12-1-config-common.
Preparing to unpack .../041-cuda-toolkit-12-1-config-common_12.1.55-1_all.deb ...
Unpacking cuda-toolkit-12-1-config-common (12.1.55-1) ...
Selecting previously unselected package cuda-cudart-12-1.
Preparing to unpack .../042-cuda-cudart-12-1_12.1.55-1_amd64.deb ...
Unpacking cuda-cudart-12-1 (12.1.55-1) ...
Selecting previously unselected package cuda-nvrtc-12-1.
Preparing to unpack .../043-cuda-nvrtc-12-1_12.1.55-1_amd64.deb ...
Unpacking cuda-nvrtc-12-1 (12.1.55-1) ...
Selecting previously unselected package cuda-opencl-12-1.
Preparing to unpack .../044-cuda-opencl-12-1_12.1.56-1_amd64.deb ...
Unpacking cuda-opencl-12-1 (12.1.56-1) ...
Selecting previously unselected package libcublas-12-1.
Preparing to unpack .../045-libcublas-12-1_12.1.0.26-1_amd64.deb ...
Unpacking libcublas-12-1 (12.1.0.26-1) ...
Selecting previously unselected package libcufft-12-1.
Preparing to unpack .../046-libcufft-12-1_11.0.2.4-1_amd64.deb ...
Unpacking libcufft-12-1 (11.0.2.4-1) ...
Selecting previously unselected package libcufile-12-1.
Preparing to unpack .../047-libcufile-12-1_1.6.0.25-1_amd64.deb ...
Unpacking libcufile-12-1 (1.6.0.25-1) ...
Selecting previously unselected package libcurand-12-1.
Preparing to unpack .../048-libcurand-12-1_10.3.2.56-1_amd64.deb ...
Unpacking libcurand-12-1 (10.3.2.56-1) ...
Selecting previously unselected package libcusolver-12-1.
Preparing to unpack .../049-libcusolver-12-1_11.4.4.55-1_amd64.deb ...
Unpacking libcusolver-12-1 (11.4.4.55-1) ...
Selecting previously unselected package libcusparse-12-1.
Preparing to unpack .../050-libcusparse-12-1_12.0.2.55-1_amd64.deb ...
Unpacking libcusparse-12-1 (12.0.2.55-1) ...
Selecting previously unselected package libnpp-12-1.
Preparing to unpack .../051-libnpp-12-1_12.0.2.50-1_amd64.deb ...
Unpacking libnpp-12-1 (12.0.2.50-1) ...
Selecting previously unselected package libnvjitlink-12-1.
Preparing to unpack .../052-libnvjitlink-12-1_12.1.55-1_amd64.deb ...
Unpacking libnvjitlink-12-1 (12.1.55-1) ...
Selecting previously unselected package libnvjpeg-12-1.
Preparing to unpack .../053-libnvjpeg-12-1_12.1.0.39-1_amd64.deb ...
Unpacking libnvjpeg-12-1 (12.1.0.39-1) ...
Selecting previously unselected package cuda-libraries-12-1.
Preparing to unpack .../054-cuda-libraries-12-1_12.1.0-1_amd64.deb ...
Unpacking cuda-libraries-12-1 (12.1.0-1) ...
Selecting previously unselected package libnvidia-common-530.
Preparing to unpack .../055-libnvidia-common-530_530.30.02-0ubuntu1_all.deb ...
Unpacking libnvidia-common-530 (530.30.02-0ubuntu1) ...
Selecting previously unselected package libnvidia-compute-530:amd64.
Preparing to unpack .../056-libnvidia-compute-530_530.30.02-0ubuntu1_amd64.deb ...
Unpacking libnvidia-compute-530:amd64 (530.30.02-0ubuntu1) ...
Selecting previously unselected package libnvidia-decode-530:amd64.
Preparing to unpack .../057-libnvidia-decode-530_530.30.02-0ubuntu1_amd64.deb ...
Unpacking libnvidia-decode-530:amd64 (530.30.02-0ubuntu1) ...
Selecting previously unselected package libnvidia-encode-530:amd64.
Preparing to unpack .../058-libnvidia-encode-530_530.30.02-0ubuntu1_amd64.deb ...
Unpacking libnvidia-encode-530:amd64 (530.30.02-0ubuntu1) ...
Selecting previously unselected package libglvnd0:amd64.
Preparing to unpack .../059-libglvnd0_1.4.0-1_amd64.deb ...
Unpacking libglvnd0:amd64 (1.4.0-1) ...
Selecting previously unselected package libglapi-mesa:amd64.
Preparing to unpack .../060-libglapi-mesa_22.2.5-0ubuntu0.1~22.04.1_amd64.deb ...
Unpacking libglapi-mesa:amd64 (22.2.5-0ubuntu0.1~22.04.1) ...
Selecting previously unselected package libx11-xcb1:amd64.
Preparing to unpack .../061-libx11-xcb1_2%3a1.7.5-1_amd64.deb ...
Unpacking libx11-xcb1:amd64 (2:1.7.5-1) ...
Selecting previously unselected package libxcb-dri2-0:amd64.
Preparing to unpack .../062-libxcb-dri2-0_1.14-3ubuntu3_amd64.deb ...
Unpacking libxcb-dri2-0:amd64 (1.14-3ubuntu3) ...
Selecting previously unselected package libxcb-dri3-0:amd64.
Preparing to unpack .../063-libxcb-dri3-0_1.14-3ubuntu3_amd64.deb ...
Unpacking libxcb-dri3-0:amd64 (1.14-3ubuntu3) ...
Selecting previously unselected package libxcb-glx0:amd64.
Preparing to unpack .../064-libxcb-glx0_1.14-3ubuntu3_amd64.deb ...
Unpacking libxcb-glx0:amd64 (1.14-3ubuntu3) ...
Selecting previously unselected package libxcb-present0:amd64.
Preparing to unpack .../065-libxcb-present0_1.14-3ubuntu3_amd64.deb ...
Unpacking libxcb-present0:amd64 (1.14-3ubuntu3) ...
Selecting previously unselected package libxcb-sync1:amd64.
Preparing to unpack .../066-libxcb-sync1_1.14-3ubuntu3_amd64.deb ...
Unpacking libxcb-sync1:amd64 (1.14-3ubuntu3) ...
Selecting previously unselected package libxcb-xfixes0:amd64.
Preparing to unpack .../067-libxcb-xfixes0_1.14-3ubuntu3_amd64.deb ...
Unpacking libxcb-xfixes0:amd64 (1.14-3ubuntu3) ...
Selecting previously unselected package libxfixes3:amd64.
Preparing to unpack .../068-libxfixes3_1%3a6.0.0-1_amd64.deb ...
Unpacking libxfixes3:amd64 (1:6.0.0-1) ...
Selecting previously unselected package libxshmfence1:amd64.
Preparing to unpack .../069-libxshmfence1_1.3-1build4_amd64.deb ...
Unpacking libxshmfence1:amd64 (1.3-1build4) ...
Selecting previously unselected package libxxf86vm1:amd64.
Preparing to unpack .../070-libxxf86vm1_1%3a1.1.4-1build3_amd64.deb ...
Unpacking libxxf86vm1:amd64 (1:1.1.4-1build3) ...
Selecting previously unselected package libdrm-amdgpu1:amd64.
Preparing to unpack .../071-libdrm-amdgpu1_2.4.113-2~ubuntu0.22.04.1_amd64.deb ...
Unpacking libdrm-amdgpu1:amd64 (2.4.113-2~ubuntu0.22.04.1) ...
Selecting previously unselected package libdrm-nouveau2:amd64.
Preparing to unpack .../072-libdrm-nouveau2_2.4.113-2~ubuntu0.22.04.1_amd64.deb ...
Unpacking libdrm-nouveau2:amd64 (2.4.113-2~ubuntu0.22.04.1) ...
Selecting previously unselected package libdrm-radeon1:amd64.
Preparing to unpack .../073-libdrm-radeon1_2.4.113-2~ubuntu0.22.04.1_amd64.deb ...
Unpacking libdrm-radeon1:amd64 (2.4.113-2~ubuntu0.22.04.1) ...
Selecting previously unselected package libllvm15:amd64.
Preparing to unpack .../074-libllvm15_1%3a15.0.6-3~ubuntu0.22.04.2_amd64.deb ...
Unpacking libllvm15:amd64 (1:15.0.6-3~ubuntu0.22.04.2) ...
Selecting previously unselected package libsensors-config.
Preparing to unpack .../075-libsensors-config_1%3a3.6.0-7ubuntu1_all.deb ...
Unpacking libsensors-config (1:3.6.0-7ubuntu1) ...
Selecting previously unselected package libsensors5:amd64.
Preparing to unpack .../076-libsensors5_1%3a3.6.0-7ubuntu1_amd64.deb ...
Unpacking libsensors5:amd64 (1:3.6.0-7ubuntu1) ...
Selecting previously unselected package libgl1-mesa-dri:amd64.
Preparing to unpack .../077-libgl1-mesa-dri_22.2.5-0ubuntu0.1~22.04.1_amd64.deb ...
Unpacking libgl1-mesa-dri:amd64 (22.2.5-0ubuntu0.1~22.04.1) ...
Selecting previously unselected package libglx-mesa0:amd64.
Preparing to unpack .../078-libglx-mesa0_22.2.5-0ubuntu0.1~22.04.1_amd64.deb ...
Unpacking libglx-mesa0:amd64 (22.2.5-0ubuntu0.1~22.04.1) ...
Selecting previously unselected package libglx0:amd64.
Preparing to unpack .../079-libglx0_1.4.0-1_amd64.deb ...
Unpacking libglx0:amd64 (1.4.0-1) ...
Selecting previously unselected package libgl1:amd64.
Preparing to unpack .../080-libgl1_1.4.0-1_amd64.deb ...
Unpacking libgl1:amd64 (1.4.0-1) ...
Selecting previously unselected package libnvidia-fbc1-530:amd64.
Preparing to unpack .../081-libnvidia-fbc1-530_530.30.02-0ubuntu1_amd64.deb ...
Unpacking libnvidia-fbc1-530:amd64 (530.30.02-0ubuntu1) ...
Selecting previously unselected package libwayland-server0:amd64.
Preparing to unpack .../082-libwayland-server0_1.20.0-1ubuntu0.1_amd64.deb ...
Unpacking libwayland-server0:amd64 (1.20.0-1ubuntu0.1) ...
Selecting previously unselected package libgbm1:amd64.
Preparing to unpack .../083-libgbm1_22.2.5-0ubuntu0.1~22.04.1_amd64.deb ...
Unpacking libgbm1:amd64 (22.2.5-0ubuntu0.1~22.04.1) ...
Selecting previously unselected package libwayland-client0:amd64.
Preparing to unpack .../084-libwayland-client0_1.20.0-1ubuntu0.1_amd64.deb ...
Unpacking libwayland-client0:amd64 (1.20.0-1ubuntu0.1) ...
Selecting previously unselected package libegl-mesa0:amd64.
Preparing to unpack .../085-libegl-mesa0_22.2.5-0ubuntu0.1~22.04.1_amd64.deb ...
Unpacking libegl-mesa0:amd64 (22.2.5-0ubuntu0.1~22.04.1) ...
Selecting previously unselected package libegl1:amd64.
Preparing to unpack .../086-libegl1_1.4.0-1_amd64.deb ...
Unpacking libegl1:amd64 (1.4.0-1) ...
Selecting previously unselected package libopengl0:amd64.
Preparing to unpack .../087-libopengl0_1.4.0-1_amd64.deb ...
Unpacking libopengl0:amd64 (1.4.0-1) ...
Selecting previously unselected package libgles2:amd64.
Preparing to unpack .../088-libgles2_1.4.0-1_amd64.deb ...
Unpacking libgles2:amd64 (1.4.0-1) ...
Selecting previously unselected package libnvidia-gl-530:amd64.
Preparing to unpack .../089-libnvidia-gl-530_530.30.02-0ubuntu1_amd64.deb ...
dpkg-query: no packages found matching libnvidia-gl-450
Unpacking libnvidia-gl-530:amd64 (530.30.02-0ubuntu1) ...
Selecting previously unselected package nvidia-compute-utils-530.
Preparing to unpack .../090-nvidia-compute-utils-530_530.30.02-0ubuntu1_amd64.deb ...
Unpacking nvidia-compute-utils-530 (530.30.02-0ubuntu1) ...
Selecting previously unselected package nvidia-kernel-source-530.
Preparing to unpack .../091-nvidia-kernel-source-530_530.30.02-0ubuntu1_amd64.deb ...
Unpacking nvidia-kernel-source-530 (530.30.02-0ubuntu1) ...
Selecting previously unselected package libpciaccess0:amd64.
Preparing to unpack .../092-libpciaccess0_0.16-3_amd64.deb ...
Unpacking libpciaccess0:amd64 (0.16-3) ...
Selecting previously unselected package nvidia-kernel-common-530.
Preparing to unpack .../093-nvidia-kernel-common-530_530.30.02-0ubuntu1_amd64.deb ...
Unpacking nvidia-kernel-common-530 (530.30.02-0ubuntu1) ...
Selecting previously unselected package nvidia-dkms-530.
Preparing to unpack .../094-nvidia-dkms-530_530.30.02-0ubuntu1_amd64.deb ...
Unpacking nvidia-dkms-530 (530.30.02-0ubuntu1) ...
Selecting previously unselected package libnvidia-extra-530:amd64.
Preparing to unpack .../095-libnvidia-extra-530_530.30.02-0ubuntu1_amd64.deb ...
Unpacking libnvidia-extra-530:amd64 (530.30.02-0ubuntu1) ...
Selecting previously unselected package nvidia-utils-530.
Preparing to unpack .../096-nvidia-utils-530_530.30.02-0ubuntu1_amd64.deb ...
Unpacking nvidia-utils-530 (530.30.02-0ubuntu1) ...
Selecting previously unselected package libnvidia-cfg1-530:amd64.
Preparing to unpack .../097-libnvidia-cfg1-530_530.30.02-0ubuntu1_amd64.deb ...
Unpacking libnvidia-cfg1-530:amd64 (530.30.02-0ubuntu1) ...
Selecting previously unselected package libxkbfile1:amd64.
Preparing to unpack .../098-libxkbfile1_1%3a1.1.0-1build3_amd64.deb ...
Unpacking libxkbfile1:amd64 (1:1.1.0-1build3) ...
Selecting previously unselected package x11-xkb-utils.
Preparing to unpack .../099-x11-xkb-utils_7.7+5build4_amd64.deb ...
Unpacking x11-xkb-utils (7.7+5build4) ...
Selecting previously unselected package xserver-common.
Preparing to unpack .../100-xserver-common_2%3a21.1.3-2ubuntu2.7_all.deb ...
Unpacking xserver-common (2:21.1.3-2ubuntu2.7) ...
Selecting previously unselected package libepoxy0:amd64.
Preparing to unpack .../101-libepoxy0_1.5.10-1_amd64.deb ...
Unpacking libepoxy0:amd64 (1.5.10-1) ...
Selecting previously unselected package libxcvt0:amd64.
Preparing to unpack .../102-libxcvt0_0.1.1-3_amd64.deb ...
Unpacking libxcvt0:amd64 (0.1.1-3) ...
Selecting previously unselected package libfontenc1:amd64.
Preparing to unpack .../103-libfontenc1_1%3a1.1.4-1build3_amd64.deb ...
Unpacking libfontenc1:amd64 (1:1.1.4-1build3) ...
Selecting previously unselected package libxfont2:amd64.
Preparing to unpack .../104-libxfont2_1%3a2.0.5-1build1_amd64.deb ...
Unpacking libxfont2:amd64 (1:2.0.5-1build1) ...
Selecting previously unselected package xserver-xorg-core.
Preparing to unpack .../105-xserver-xorg-core_2%3a21.1.3-2ubuntu2.7_amd64.deb ...
Unpacking xserver-xorg-core (2:21.1.3-2ubuntu2.7) ...
Selecting previously unselected package xserver-xorg-video-nvidia-530.
Preparing to unpack .../106-xserver-xorg-video-nvidia-530_530.30.02-0ubuntu1_amd64.deb ...
Unpacking xserver-xorg-video-nvidia-530 (530.30.02-0ubuntu1) ...
Selecting previously unselected package nvidia-driver-530.
Preparing to unpack .../107-nvidia-driver-530_530.30.02-0ubuntu1_amd64.deb ...
Unpacking nvidia-driver-530 (530.30.02-0ubuntu1) ...
Selecting previously unselected package nvidia-modprobe.
Preparing to unpack .../108-nvidia-modprobe_530.30.02-0ubuntu1_amd64.deb ...
Unpacking nvidia-modprobe (530.30.02-0ubuntu1) ...
Selecting previously unselected package pkg-config.
Preparing to unpack .../109-pkg-config_0.29.2-1ubuntu3_amd64.deb ...
Unpacking pkg-config (0.29.2-1ubuntu3) ...
Selecting previously unselected package python3-xkit.
Preparing to unpack .../110-python3-xkit_0.5.0ubuntu5_all.deb ...
Unpacking python3-xkit (0.5.0ubuntu5) ...
Selecting previously unselected package screen-resolution-extra.
Preparing to unpack .../111-screen-resolution-extra_0.18.2_all.deb ...
Unpacking screen-resolution-extra (0.18.2) ...
Selecting previously unselected package libvdpau1:amd64.
Preparing to unpack .../112-libvdpau1_1.4-3build2_amd64.deb ...
Unpacking libvdpau1:amd64 (1.4-3build2) ...
Selecting previously unselected package libatk1.0-data.
Preparing to unpack .../113-libatk1.0-data_2.36.0-3build1_all.deb ...
Unpacking libatk1.0-data (2.36.0-3build1) ...
Selecting previously unselected package libatk1.0-0:amd64.
Preparing to unpack .../114-libatk1.0-0_2.36.0-3build1_amd64.deb ...
Unpacking libatk1.0-0:amd64 (2.36.0-3build1) ...
Selecting previously unselected package libatk-bridge2.0-0:amd64.
Preparing to unpack .../115-libatk-bridge2.0-0_2.38.0-3_amd64.deb ...
Unpacking libatk-bridge2.0-0:amd64 (2.38.0-3) ...
Selecting previously unselected package libcairo-gobject2:amd64.
Preparing to unpack .../116-libcairo-gobject2_1.16.0-5ubuntu2_amd64.deb ...
Unpacking libcairo-gobject2:amd64 (1.16.0-5ubuntu2) ...
Selecting previously unselected package libcolord2:amd64.
Preparing to unpack .../117-libcolord2_1.4.6-1_amd64.deb ...
Unpacking libcolord2:amd64 (1.4.6-1) ...
Selecting previously unselected package libwayland-cursor0:amd64.
Preparing to unpack .../118-libwayland-cursor0_1.20.0-1ubuntu0.1_amd64.deb ...
Unpacking libwayland-cursor0:amd64 (1.20.0-1ubuntu0.1) ...
Selecting previously unselected package libwayland-egl1:amd64.
Preparing to unpack .../119-libwayland-egl1_1.20.0-1ubuntu0.1_amd64.deb ...
Unpacking libwayland-egl1:amd64 (1.20.0-1ubuntu0.1) ...
Selecting previously unselected package libxcomposite1:amd64.
Preparing to unpack .../120-libxcomposite1_1%3a0.4.5-1build2_amd64.deb ...
Unpacking libxcomposite1:amd64 (1:0.4.5-1build2) ...
Selecting previously unselected package libxcursor1:amd64.
Preparing to unpack .../121-libxcursor1_1%3a1.2.0-2build4_amd64.deb ...
Unpacking libxcursor1:amd64 (1:1.2.0-2build4) ...
Selecting previously unselected package libxdamage1:amd64.
Preparing to unpack .../122-libxdamage1_1%3a1.1.5-2build2_amd64.deb ...
Unpacking libxdamage1:amd64 (1:1.1.5-2build2) ...
Selecting previously unselected package libxinerama1:amd64.
Preparing to unpack .../123-libxinerama1_2%3a1.1.4-3_amd64.deb ...
Unpacking libxinerama1:amd64 (2:1.1.4-3) ...
Selecting previously unselected package libxkbcommon0:amd64.
Preparing to unpack .../124-libxkbcommon0_1.4.0-1_amd64.deb ...
Unpacking libxkbcommon0:amd64 (1.4.0-1) ...
Selecting previously unselected package libxrandr2:amd64.
Preparing to unpack .../125-libxrandr2_2%3a1.5.2-1build1_amd64.deb ...
Unpacking libxrandr2:amd64 (2:1.5.2-1build1) ...
Selecting previously unselected package libgtk-3-common.
Preparing to unpack .../126-libgtk-3-common_3.24.33-1ubuntu2_all.deb ...
Unpacking libgtk-3-common (3.24.33-1ubuntu2) ...
Selecting previously unselected package libgtk-3-0:amd64.
Preparing to unpack .../127-libgtk-3-0_3.24.33-1ubuntu2_amd64.deb ...
Unpacking libgtk-3-0:amd64 (3.24.33-1ubuntu2) ...
Selecting previously unselected package libxnvctrl0:amd64.
Preparing to unpack .../128-libxnvctrl0_530.30.02-0ubuntu1_amd64.deb ...
Unpacking libxnvctrl0:amd64 (530.30.02-0ubuntu1) ...
Selecting previously unselected package nvidia-settings.
Preparing to unpack .../129-nvidia-settings_530.30.02-0ubuntu1_amd64.deb ...
Unpacking nvidia-settings (530.30.02-0ubuntu1) ...
Selecting previously unselected package cuda-drivers-530.
Preparing to unpack .../130-cuda-drivers-530_530.30.02-1_amd64.deb ...
Unpacking cuda-drivers-530 (530.30.02-1) ...
Selecting previously unselected package cuda-drivers.
Preparing to unpack .../131-cuda-drivers_530.30.02-1_amd64.deb ...
Unpacking cuda-drivers (530.30.02-1) ...
Selecting previously unselected package cuda-runtime-12-1.
Preparing to unpack .../132-cuda-runtime-12-1_12.1.0-1_amd64.deb ...
Unpacking cuda-runtime-12-1 (12.1.0-1) ...
Selecting previously unselected package cuda-cuobjdump-12-1.
Preparing to unpack .../133-cuda-cuobjdump-12-1_12.1.55-1_amd64.deb ...
Unpacking cuda-cuobjdump-12-1 (12.1.55-1) ...
Selecting previously unselected package cuda-cuxxfilt-12-1.
Preparing to unpack .../134-cuda-cuxxfilt-12-1_12.1.55-1_amd64.deb ...
Unpacking cuda-cuxxfilt-12-1 (12.1.55-1) ...
Selecting previously unselected package cuda-cccl-12-1.
Preparing to unpack .../135-cuda-cccl-12-1_12.1.55-1_amd64.deb ...
Unpacking cuda-cccl-12-1 (12.1.55-1) ...
Selecting previously unselected package cuda-driver-dev-12-1.
Preparing to unpack .../136-cuda-driver-dev-12-1_12.1.55-1_amd64.deb ...
Unpacking cuda-driver-dev-12-1 (12.1.55-1) ...
Selecting previously unselected package cuda-cudart-dev-12-1.
Preparing to unpack .../137-cuda-cudart-dev-12-1_12.1.55-1_amd64.deb ...
Unpacking cuda-cudart-dev-12-1 (12.1.55-1) ...
Selecting previously unselected package cuda-nvcc-12-1.
Preparing to unpack .../138-cuda-nvcc-12-1_12.1.66-1_amd64.deb ...
Unpacking cuda-nvcc-12-1 (12.1.66-1) ...
Selecting previously unselected package cuda-nvprune-12-1.
Preparing to unpack .../139-cuda-nvprune-12-1_12.1.55-1_amd64.deb ...
Unpacking cuda-nvprune-12-1 (12.1.55-1) ...
Selecting previously unselected package cuda-compiler-12-1.
Preparing to unpack .../140-cuda-compiler-12-1_12.1.0-1_amd64.deb ...
Unpacking cuda-compiler-12-1 (12.1.0-1) ...
Selecting previously unselected package cuda-profiler-api-12-1.
Preparing to unpack .../141-cuda-profiler-api-12-1_12.1.55-1_amd64.deb ...
Unpacking cuda-profiler-api-12-1 (12.1.55-1) ...
Selecting previously unselected package cuda-nvrtc-dev-12-1.
Preparing to unpack .../142-cuda-nvrtc-dev-12-1_12.1.55-1_amd64.deb ...
Unpacking cuda-nvrtc-dev-12-1 (12.1.55-1) ...
Selecting previously unselected package cuda-opencl-dev-12-1.
Preparing to unpack .../143-cuda-opencl-dev-12-1_12.1.56-1_amd64.deb ...
Unpacking cuda-opencl-dev-12-1 (12.1.56-1) ...
Selecting previously unselected package libcublas-dev-12-1.
Preparing to unpack .../144-libcublas-dev-12-1_12.1.0.26-1_amd64.deb ...
Unpacking libcublas-dev-12-1 (12.1.0.26-1) ...
Selecting previously unselected package libcufft-dev-12-1.
Preparing to unpack .../145-libcufft-dev-12-1_11.0.2.4-1_amd64.deb ...
Unpacking libcufft-dev-12-1 (11.0.2.4-1) ...
Selecting previously unselected package libcufile-dev-12-1.
Preparing to unpack .../146-libcufile-dev-12-1_1.6.0.25-1_amd64.deb ...
Unpacking libcufile-dev-12-1 (1.6.0.25-1) ...
Selecting previously unselected package libcurand-dev-12-1.
Preparing to unpack .../147-libcurand-dev-12-1_10.3.2.56-1_amd64.deb ...
Unpacking libcurand-dev-12-1 (10.3.2.56-1) ...
Selecting previously unselected package libcusolver-dev-12-1.
Preparing to unpack .../148-libcusolver-dev-12-1_11.4.4.55-1_amd64.deb ...
Unpacking libcusolver-dev-12-1 (11.4.4.55-1) ...
Selecting previously unselected package libcusparse-dev-12-1.
Preparing to unpack .../149-libcusparse-dev-12-1_12.0.2.55-1_amd64.deb ...
Unpacking libcusparse-dev-12-1 (12.0.2.55-1) ...
Selecting previously unselected package libnpp-dev-12-1.
Preparing to unpack .../150-libnpp-dev-12-1_12.0.2.50-1_amd64.deb ...
Unpacking libnpp-dev-12-1 (12.0.2.50-1) ...
Selecting previously unselected package libnvjitlink-dev-12-1.
Preparing to unpack .../151-libnvjitlink-dev-12-1_12.1.55-1_amd64.deb ...
Unpacking libnvjitlink-dev-12-1 (12.1.55-1) ...
Selecting previously unselected package libnvjpeg-dev-12-1.
Preparing to unpack .../152-libnvjpeg-dev-12-1_12.1.0.39-1_amd64.deb ...
Unpacking libnvjpeg-dev-12-1 (12.1.0.39-1) ...
Selecting previously unselected package cuda-libraries-dev-12-1.
Preparing to unpack .../153-cuda-libraries-dev-12-1_12.1.0-1_amd64.deb ...
Unpacking cuda-libraries-dev-12-1 (12.1.0-1) ...
Selecting previously unselected package cuda-cupti-12-1.
Preparing to unpack .../154-cuda-cupti-12-1_12.1.62-1_amd64.deb ...
Unpacking cuda-cupti-12-1 (12.1.62-1) ...
Selecting previously unselected package cuda-cupti-dev-12-1.
Preparing to unpack .../155-cuda-cupti-dev-12-1_12.1.62-1_amd64.deb ...
Unpacking cuda-cupti-dev-12-1 (12.1.62-1) ...
Selecting previously unselected package cuda-nvdisasm-12-1.
Preparing to unpack .../156-cuda-nvdisasm-12-1_12.1.55-1_amd64.deb ...
Unpacking cuda-nvdisasm-12-1 (12.1.55-1) ...
Selecting previously unselected package cuda-gdb-12-1.
Preparing to unpack .../157-cuda-gdb-12-1_12.1.55-1_amd64.deb ...
Unpacking cuda-gdb-12-1 (12.1.55-1) ...
Selecting previously unselected package cuda-nvprof-12-1.
Preparing to unpack .../158-cuda-nvprof-12-1_12.1.55-1_amd64.deb ...
Unpacking cuda-nvprof-12-1 (12.1.55-1) ...
Selecting previously unselected package cuda-nvtx-12-1.
Preparing to unpack .../159-cuda-nvtx-12-1_12.1.66-1_amd64.deb ...
Unpacking cuda-nvtx-12-1 (12.1.66-1) ...
Selecting previously unselected package cuda-sanitizer-12-1.
Preparing to unpack .../160-cuda-sanitizer-12-1_12.1.55-1_amd64.deb ...
Unpacking cuda-sanitizer-12-1 (12.1.55-1) ...
Selecting previously unselected package cuda-command-line-tools-12-1.
Preparing to unpack .../161-cuda-command-line-tools-12-1_12.1.0-1_amd64.deb ...
Unpacking cuda-command-line-tools-12-1 (12.1.0-1) ...
Selecting previously unselected package nsight-compute-2023.1.0.
Preparing to unpack .../162-nsight-compute-2023.1.0_2023.1.0.15-1_amd64.deb ...
Unpacking nsight-compute-2023.1.0 (2023.1.0.15-1) ...
Selecting previously unselected package cuda-nsight-compute-12-1.
Preparing to unpack .../163-cuda-nsight-compute-12-1_12.1.0-1_amd64.deb ...
Unpacking cuda-nsight-compute-12-1 (12.1.0-1) ...
Selecting previously unselected package libtinfo5:amd64.
Preparing to unpack .../164-libtinfo5_6.3-2_amd64.deb ...
Unpacking libtinfo5:amd64 (6.3-2) ...
Selecting previously unselected package libxcb-xinerama0:amd64.
Preparing to unpack .../165-libxcb-xinerama0_1.14-3ubuntu3_amd64.deb ...
Unpacking libxcb-xinerama0:amd64 (1.14-3ubuntu3) ...
Selecting previously unselected package libxcb-icccm4:amd64.
Preparing to unpack .../166-libxcb-icccm4_0.4.1-1.1build2_amd64.deb ...
Unpacking libxcb-icccm4:amd64 (0.4.1-1.1build2) ...
Selecting previously unselected package libxcb-util1:amd64.
Preparing to unpack .../167-libxcb-util1_0.4.0-1build2_amd64.deb ...
Unpacking libxcb-util1:amd64 (0.4.0-1build2) ...
Selecting previously unselected package libxcb-image0:amd64.
Preparing to unpack .../168-libxcb-image0_0.4.0-2_amd64.deb ...
Unpacking libxcb-image0:amd64 (0.4.0-2) ...
Selecting previously unselected package libxcb-keysyms1:amd64.
Preparing to unpack .../169-libxcb-keysyms1_0.4.0-1build3_amd64.deb ...
Unpacking libxcb-keysyms1:amd64 (0.4.0-1build3) ...
Selecting previously unselected package libxcb-randr0:amd64.
Preparing to unpack .../170-libxcb-randr0_1.14-3ubuntu3_amd64.deb ...
Unpacking libxcb-randr0:amd64 (1.14-3ubuntu3) ...
Selecting previously unselected package libxcb-render-util0:amd64.
Preparing to unpack .../171-libxcb-render-util0_0.3.9-1build3_amd64.deb ...
Unpacking libxcb-render-util0:amd64 (0.3.9-1build3) ...
Selecting previously unselected package libxcb-shape0:amd64.
Preparing to unpack .../172-libxcb-shape0_1.14-3ubuntu3_amd64.deb ...
Unpacking libxcb-shape0:amd64 (1.14-3ubuntu3) ...
Selecting previously unselected package libxcb-xkb1:amd64.
Preparing to unpack .../173-libxcb-xkb1_1.14-3ubuntu3_amd64.deb ...
Unpacking libxcb-xkb1:amd64 (1.14-3ubuntu3) ...
Selecting previously unselected package libxkbcommon-x11-0:amd64.
Preparing to unpack .../174-libxkbcommon-x11-0_1.4.0-1_amd64.deb ...
Unpacking libxkbcommon-x11-0:amd64 (1.4.0-1) ...
Selecting previously unselected package libxcb-xinput0:amd64.
Preparing to unpack .../175-libxcb-xinput0_1.14-3ubuntu3_amd64.deb ...
Unpacking libxcb-xinput0:amd64 (1.14-3ubuntu3) ...
Selecting previously unselected package nsight-systems-2023.1.2.
Preparing to unpack .../176-nsight-systems-2023.1.2_2023.1.2.43-32377213v0_amd64.deb ...
Unpacking nsight-systems-2023.1.2 (2023.1.2.43-32377213v0) ...
Selecting previously unselected package cuda-nsight-systems-12-1.
Preparing to unpack .../177-cuda-nsight-systems-12-1_12.1.0-1_amd64.deb ...
Unpacking cuda-nsight-systems-12-1 (12.1.0-1) ...
Selecting previously unselected package libgif7:amd64.
Preparing to unpack .../178-libgif7_5.1.9-2build2_amd64.deb ...
Unpacking libgif7:amd64 (5.1.9-2build2) ...
Selecting previously unselected package openjdk-11-jre:amd64.
Preparing to unpack .../179-openjdk-11-jre_11.0.18+10-0ubuntu1~22.04_amd64.deb ...
Unpacking openjdk-11-jre:amd64 (11.0.18+10-0ubuntu1~22.04) ...
Selecting previously unselected package default-jre.
Preparing to unpack .../180-default-jre_2%3a1.11-72build2_amd64.deb ...
Unpacking default-jre (2:1.11-72build2) ...
Selecting previously unselected package cuda-nsight-12-1.
Preparing to unpack .../181-cuda-nsight-12-1_12.1.55-1_amd64.deb ...
Unpacking cuda-nsight-12-1 (12.1.55-1) ...
Selecting previously unselected package cuda-nvml-dev-12-1.
Preparing to unpack .../182-cuda-nvml-dev-12-1_12.1.55-1_amd64.deb ...
Unpacking cuda-nvml-dev-12-1 (12.1.55-1) ...
Selecting previously unselected package cuda-nvvp-12-1.
Preparing to unpack .../183-cuda-nvvp-12-1_12.1.55-1_amd64.deb ...
Unpacking cuda-nvvp-12-1 (12.1.55-1) ...
Selecting previously unselected package cuda-visual-tools-12-1.
Preparing to unpack .../184-cuda-visual-tools-12-1_12.1.0-1_amd64.deb ...
Unpacking cuda-visual-tools-12-1 (12.1.0-1) ...
Selecting previously unselected package gds-tools-12-1.
Preparing to unpack .../185-gds-tools-12-1_1.6.0.25-1_amd64.deb ...
Unpacking gds-tools-12-1 (1.6.0.25-1) ...
Selecting previously unselected package cuda-tools-12-1.
Preparing to unpack .../186-cuda-tools-12-1_12.1.0-1_amd64.deb ...
Unpacking cuda-tools-12-1 (12.1.0-1) ...
Selecting previously unselected package cuda-documentation-12-1.
Preparing to unpack .../187-cuda-documentation-12-1_12.1.55-1_amd64.deb ...
Unpacking cuda-documentation-12-1 (12.1.55-1) ...
Selecting previously unselected package libnvvm-samples-12-1.
Preparing to unpack .../188-libnvvm-samples-12-1_12.1.55-1_amd64.deb ...
Unpacking libnvvm-samples-12-1 (12.1.55-1) ...
Selecting previously unselected package cuda-toolkit-12-1.
Preparing to unpack .../189-cuda-toolkit-12-1_12.1.0-1_amd64.deb ...
Unpacking cuda-toolkit-12-1 (12.1.0-1) ...
Selecting previously unselected package cuda-demo-suite-12-1.
Preparing to unpack .../190-cuda-demo-suite-12-1_12.1.55-1_amd64.deb ...
Unpacking cuda-demo-suite-12-1 (12.1.55-1) ...
Selecting previously unselected package cuda-12-1.
Preparing to unpack .../191-cuda-12-1_12.1.0-1_amd64.deb ...
Unpacking cuda-12-1 (12.1.0-1) ...
Selecting previously unselected package cuda.
Preparing to unpack .../192-cuda_12.1.0-1_amd64.deb ...
Unpacking cuda (12.1.0-1) ...
Selecting previously unselected package fonts-dejavu-extra.
Preparing to unpack .../193-fonts-dejavu-extra_2.37-2build1_all.deb ...
Unpacking fonts-dejavu-extra (2.37-2build1) ...
Selecting previously unselected package libxft2:amd64.
Preparing to unpack .../194-libxft2_2.3.4-1_amd64.deb ...
Unpacking libxft2:amd64 (2.3.4-1) ...
Selecting previously unselected package libxv1:amd64.
Preparing to unpack .../195-libxv1_2%3a1.0.11-1build2_amd64.deb ...
Unpacking libxv1:amd64 (2:1.0.11-1build2) ...
Selecting previously unselected package libxxf86dga1:amd64.
Preparing to unpack .../196-libxxf86dga1_2%3a1.1.5-0ubuntu3_amd64.deb ...
Unpacking libxxf86dga1:amd64 (2:1.1.5-0ubuntu3) ...
Selecting previously unselected package x11-utils.
Preparing to unpack .../197-x11-utils_7.7+5build2_amd64.deb ...
Unpacking x11-utils (7.7+5build2) ...
Selecting previously unselected package libatk-wrapper-java.
Preparing to unpack .../198-libatk-wrapper-java_0.38.0-5build1_all.deb ...
Unpacking libatk-wrapper-java (0.38.0-5build1) ...
Selecting previously unselected package libatk-wrapper-java-jni:amd64.
Preparing to unpack .../199-libatk-wrapper-java-jni_0.38.0-5build1_amd64.deb ...
Unpacking libatk-wrapper-java-jni:amd64 (0.38.0-5build1) ...
Selecting previously unselected package libdrm-intel1:amd64.
Preparing to unpack .../200-libdrm-intel1_2.4.113-2~ubuntu0.22.04.1_amd64.deb ...
Unpacking libdrm-intel1:amd64 (2.4.113-2~ubuntu0.22.04.1) ...
Selecting previously unselected package libgdk-pixbuf2.0-bin.
Preparing to unpack .../201-libgdk-pixbuf2.0-bin_2.42.8+dfsg-1ubuntu0.2_amd64.deb ...
Unpacking libgdk-pixbuf2.0-bin (2.42.8+dfsg-1ubuntu0.2) ...
Selecting previously unselected package libgl1-amber-dri:amd64.
Preparing to unpack .../202-libgl1-amber-dri_21.3.7-0ubuntu1_amd64.deb ...
Unpacking libgl1-amber-dri:amd64 (21.3.7-0ubuntu1) ...
Selecting previously unselected package libgtk-3-bin.
Preparing to unpack .../203-libgtk-3-bin_3.24.33-1ubuntu2_amd64.deb ...
Unpacking libgtk-3-bin (3.24.33-1ubuntu2) ...
Selecting previously unselected package librsvg2-2:amd64.
Preparing to unpack .../204-librsvg2-2_2.52.5+dfsg-3_amd64.deb ...
Unpacking librsvg2-2:amd64 (2.52.5+dfsg-3) ...
Selecting previously unselected package librsvg2-common:amd64.
Preparing to unpack .../205-librsvg2-common_2.52.5+dfsg-3_amd64.deb ...
Unpacking librsvg2-common:amd64 (2.52.5+dfsg-3) ...
Selecting previously unselected package linux-headers-5.15.0-67.
Preparing to unpack .../206-linux-headers-5.15.0-67_5.15.0-67.74_all.deb ...
Unpacking linux-headers-5.15.0-67 (5.15.0-67.74) ...
Selecting previously unselected package linux-headers-5.15.0-67-generic.
Preparing to unpack .../207-linux-headers-5.15.0-67-generic_5.15.0-67.74_amd64.deb ...
Unpacking linux-headers-5.15.0-67-generic (5.15.0-67.74) ...
Selecting previously unselected package linux-headers-generic.
Preparing to unpack .../208-linux-headers-generic_5.15.0.67.65_amd64.deb ...
Unpacking linux-headers-generic (5.15.0.67.65) ...
Selecting previously unselected package mesa-vdpau-drivers:amd64.
Preparing to unpack .../209-mesa-vdpau-drivers_22.2.5-0ubuntu0.1~22.04.1_amd64.deb ...
Unpacking mesa-vdpau-drivers:amd64 (22.2.5-0ubuntu0.1~22.04.1) ...
Selecting previously unselected package nvidia-prime.
Preparing to unpack .../210-nvidia-prime_0.8.17.1_all.deb ...
Unpacking nvidia-prime (0.8.17.1) ...
Selecting previously unselected package vdpau-driver-all:amd64.
Preparing to unpack .../211-vdpau-driver-all_1.4-3build2_amd64.deb ...
Unpacking vdpau-driver-all:amd64 (1.4-3build2) ...
Selecting previously unselected package xcvt.
Preparing to unpack .../212-xcvt_0.1.1-3_amd64.deb ...
Unpacking xcvt (0.1.1-3) ...
Selecting previously unselected package xfonts-encodings.
Preparing to unpack .../213-xfonts-encodings_1%3a1.0.5-0ubuntu2_all.deb ...
Unpacking xfonts-encodings (1:1.0.5-0ubuntu2) ...
Selecting previously unselected package xfonts-utils.
Preparing to unpack .../214-xfonts-utils_1%3a7.7+6build2_amd64.deb ...
Unpacking xfonts-utils (1:7.7+6build2) ...
Selecting previously unselected package xfonts-base.
Preparing to unpack .../215-xfonts-base_1%3a1.0.5_all.deb ...
Unpacking xfonts-base (1:1.0.5) ...
Setting up cuda-toolkit-config-common (12.1.55-1) ...
Setting up libxcb-dri3-0:amd64 (1.14-3ubuntu3) ...
Setting up liblcms2-2:amd64 (2.12~rc1-2build2) ...
Setting up libwayland-server0:amd64 (1.20.0-1ubuntu0.1) ...
Setting up cuda-documentation-12-1 (12.1.55-1) ...
Setting up libx11-xcb1:amd64 (2:1.7.5-1) ...
Setting up libpciaccess0:amd64 (0.16-3) ...
Setting up session-migration (0.3.6) ...
Created symlink /etc/systemd/user/graphical-session-pre.target.wants/session-migration.service → /usr/lib/systemd/user/session-migration.service.
Setting up libxft2:amd64 (2.3.4-1) ...
Setting up cuda-nvdisasm-12-1 (12.1.55-1) ...
Setting up cuda-driver-dev-12-1 (12.1.55-1) ...
Setting up nsight-compute-2023.1.0 (2023.1.0.15-1) ...
Setting up cpp-12 (12.1.0-2ubuntu1~22.04) ...
Setting up libdrm-nouveau2:amd64 (2.4.113-2~ubuntu0.22.04.1) ...
Setting up nvidia-kernel-source-530 (530.30.02-0ubuntu1) ...
Setting up libxdamage1:amd64 (1:1.1.5-2build2) ...
Setting up libxcb-xfixes0:amd64 (1.14-3ubuntu3) ...
Setting up hicolor-icon-theme (0.17-2) ...
Setting up libxi6:amd64 (2:1.8-1build1) ...
Setting up java-common (0.72build2) ...
Setting up libxcb-xinput0:amd64 (1.14-3ubuntu3) ...
Setting up libgbm1:amd64 (22.2.5-0ubuntu0.1~22.04.1) ...
Setting up nvidia-kernel-common-530 (530.30.02-0ubuntu1) ...
Setting up cuda-profiler-api-12-1 (12.1.55-1) ...
Setting up cuda-nsight-compute-12-1 (12.1.0-1) ...
Setting up libdrm-radeon1:amd64 (2.4.113-2~ubuntu0.22.04.1) ...
Setting up nvidia-prime (0.8.17.1) ...
Setting up libglvnd0:amd64 (1.4.0-1) ...
Setting up libxtst6:amd64 (2:1.2.3-1build4) ...
Setting up libxcb-glx0:amd64 (1.14-3ubuntu3) ...
Setting up linux-headers-5.15.0-67 (5.15.0-67.74) ...
Setting up libdrm-intel1:amd64 (2.4.113-2~ubuntu0.22.04.1) ...
Setting up libgdk-pixbuf2.0-common (2.42.8+dfsg-1ubuntu0.2) ...
Setting up cuda-cuxxfilt-12-1 (12.1.55-1) ...
Setting up libxcb-keysyms1:amd64 (0.4.0-1build3) ...
Setting up libxcb-shape0:amd64 (1.14-3ubuntu3) ...
Setting up libsensors-config (1:3.6.0-7ubuntu1) ...
Setting up libxxf86dga1:amd64 (2:1.1.5-0ubuntu3) ...
Setting up libxcb-render-util0:amd64 (0.3.9-1build3) ...
Setting up cuda-cccl-12-1 (12.1.55-1) ...
Setting up libxcb-icccm4:amd64 (0.4.1-1.1build2) ...
Setting up libatspi2.0-0:amd64 (2.44.0-3) ...
Setting up cuda-nvtx-12-1 (12.1.66-1) ...
Setting up libcolord2:amd64 (1.4.6-1) ...
Setting up libopengl0:amd64 (1.4.0-1) ...
Setting up libnvvm-samples-12-1 (12.1.55-1) ...
Setting up libxcb-util1:amd64 (0.4.0-1build2) ...
Setting up libxxf86vm1:amd64 (1:1.1.4-1build3) ...
Setting up libxcb-xkb1:amd64 (1.14-3ubuntu3) ...
Setting up nvidia-modprobe (530.30.02-0ubuntu1) ...
Setting up libxcb-image0:amd64 (0.4.0-2) ...
Setting up cuda-nvprof-12-1 (12.1.55-1) ...
Setting up libnvidia-extra-530:amd64 (530.30.02-0ubuntu1) ...
Setting up libxnvctrl0:amd64 (530.30.02-0ubuntu1) ...
Setting up libxcb-present0:amd64 (1.14-3ubuntu3) ...
Setting up libdconf1:amd64 (0.40.0-3) ...
Setting up libasound2-data (1.2.6.1-1ubuntu1) ...
Setting up libfontenc1:amd64 (1:1.1.4-1build3) ...
Setting up libnvidia-compute-530:amd64 (530.30.02-0ubuntu1) ...
Setting up libxcb-xinerama0:amd64 (1.14-3ubuntu3) ...
Setting up libgles2:amd64 (1.4.0-1) ...
Setting up gds-tools-12-1 (1.6.0.25-1) ...
Setting up libepoxy0:amd64 (1.5.10-1) ...
Setting up cuda-toolkit-12-1-config-common (12.1.55-1) ...
Setting alternatives
update-alternatives: using /usr/local/cuda-12.1 to provide /usr/local/cuda (cuda) in auto mode
update-alternatives: using /usr/local/cuda-12.1 to provide /usr/local/cuda-12 (cuda-12) in auto mode
Setting up libnspr4:amd64 (2:4.32-3build1) ...
Setting up libxfixes3:amd64 (1:6.0.0-1) ...
Setting up libxcb-sync1:amd64 (1.14-3ubuntu3) ...
Setting up linux-headers-5.15.0-67-generic (5.15.0-67.74) ...
Setting up libavahi-common-data:amd64 (0.8-5ubuntu5) ...
Setting up cuda-cuobjdump-12-1 (12.1.55-1) ...
Setting up xfonts-encodings (1:1.0.5-0ubuntu2) ...
Setting up libxinerama1:amd64 (2:1.1.4-3) ...
Setting up libxv1:amd64 (2:1.0.11-1build2) ...
Setting up cuda-nvrtc-12-1 (12.1.55-1) ...
Setting up cuda-sanitizer-12-1 (12.1.55-1) ...
Setting up libxrandr2:amd64 (2:1.5.2-1build1) ...
Setting up pkg-config (0.29.2-1ubuntu3) ...
Setting up libpcsclite1:amd64 (1.9.5-3) ...
Setting up libsensors5:amd64 (1:3.6.0-7ubuntu1) ...
Setting up libglapi-mesa:amd64 (22.2.5-0ubuntu0.1~22.04.1) ...
Setting up cuda-cupti-12-1 (12.1.62-1) ...
Setting up libnvidia-decode-530:amd64 (530.30.02-0ubuntu1) ...
Setting up libxcb-dri2-0:amd64 (1.14-3ubuntu3) ...
Setting up libgif7:amd64 (5.1.9-2build2) ...
Setting up libatk1.0-data (2.36.0-3build1) ...
Setting up fonts-dejavu-extra (2.37-2build1) ...
Setting up alsa-topology-conf (1.2.5.1-2) ...
Setting up cuda-nvml-dev-12-1 (12.1.55-1) ...
Setting up libnvidia-common-530 (530.30.02-0ubuntu1) ...
Setting up libxshmfence1:amd64 (1.3-1build4) ...
Setting up libvdpau1:amd64 (1.4-3build2) ...
Setting up nvidia-utils-530 (530.30.02-0ubuntu1) ...
Setting up libxcb-randr0:amd64 (1.14-3ubuntu3) ...
Setting up libasan8:amd64 (12.1.0-2ubuntu1~22.04) ...
Setting up libllvm15:amd64 (1:15.0.6-3~ubuntu0.22.04.2) ...
Setting up libasound2:amd64 (1.2.6.1-1ubuntu1) ...
Setting up cuda-nvprune-12-1 (12.1.55-1) ...
Setting up libxcvt0:amd64 (0.1.1-3) ...
Setting up libgdk-pixbuf-2.0-0:amd64 (2.42.8+dfsg-1ubuntu0.2) ...
Setting up libcairo-gobject2:amd64 (1.16.0-5ubuntu2) ...
Setting up libatk1.0-0:amd64 (2.36.0-3build1) ...
Setting up libwayland-egl1:amd64 (1.20.0-1ubuntu0.1) ...
Setting up libnvidia-cfg1-530:amd64 (530.30.02-0ubuntu1) ...
Setting up libxkbfile1:amd64 (1:1.1.0-1build3) ...
Setting up nvidia-compute-utils-530 (530.30.02-0ubuntu1) ...
Warning: The home dir /nonexistent you specified can't be accessed: No such file or directory
Adding system user `nvidia-persistenced' (UID 108) ...
Adding new group `nvidia-persistenced' (GID 117) ...
Adding new user `nvidia-persistenced' (UID 108) with group `nvidia-persistenced' ...
Not creating home directory `/nonexistent'.
Created symlink /etc/systemd/system/multi-user.target.wants/nvidia-persistenced.service → /lib/systemd/system/nvidia-persistenced.service.
Setting up cuda-nvrtc-dev-12-1 (12.1.55-1) ...
Setting up libtsan2:amd64 (12.1.0-2ubuntu1~22.04) ...
Setting up cuda-gdb-12-1 (12.1.55-1) ...
Setting up python3-xkit (0.5.0ubuntu5) ...
Setting up libtinfo5:amd64 (6.3-2) ...
Setting up libxcomposite1:amd64 (1:0.4.5-1build2) ...
Setting up libxfont2:amd64 (1:2.0.5-1build1) ...
Setting up cuda-toolkit-12-config-common (12.1.55-1) ...
Setting up dctrl-tools (2.24-3build2) ...
Setting up libdrm-amdgpu1:amd64 (2.4.113-2~ubuntu0.22.04.1) ...
Setting up libxkbcommon0:amd64 (1.4.0-1) ...
Setting up libwayland-client0:amd64 (1.20.0-1ubuntu0.1) ...
Setting up libgl1-amber-dri:amd64 (21.3.7-0ubuntu1) ...
Setting up mesa-vdpau-drivers:amd64 (22.2.5-0ubuntu0.1~22.04.1) ...
Setting up gtk-update-icon-cache (3.24.33-1ubuntu2) ...
Setting up libnvidia-encode-530:amd64 (530.30.02-0ubuntu1) ...
Setting up libnvjpeg-12-1 (12.1.0.39-1) ...
Setting up alsa-ucm-conf (1.2.6.3-1ubuntu1.4) ...
Setting up libcusolver-12-1 (11.4.4.55-1) ...
Setting up libcufile-12-1 (1.6.0.25-1) ...
Setting alternatives
update-alternatives: using /usr/local/cuda-12.1/gds/cufile.json to provide /etc/cufile.json (cufile.json) in auto mode
Setting up x11-xkb-utils (7.7+5build4) ...
Setting up libxcursor1:amd64 (1:1.2.0-2build4) ...
Setting up libgl1-mesa-dri:amd64 (22.2.5-0ubuntu0.1~22.04.1) ...
Setting up libavahi-common3:amd64 (0.8-5ubuntu5) ...
Setting up libcusolver-dev-12-1 (11.4.4.55-1) ...
Setting up dconf-service (0.40.0-3) ...
Setting up libnss3:amd64 (2:3.68.2-0ubuntu1.2) ...
Setting up linux-headers-generic (5.15.0.67.65) ...
Setting up cuda-cudart-12-1 (12.1.55-1) ...
Setting up xfonts-utils (1:7.7+6build2) ...
Setting up cuda-cupti-dev-12-1 (12.1.62-1) ...
Setting up cuda-cudart-dev-12-1 (12.1.55-1) ...
Setting up libcufft-12-1 (11.0.2.4-1) ...
Setting up xcvt (0.1.1-3) ...
Setting up librsvg2-2:amd64 (2.52.5+dfsg-3) ...
Setting up libatk-bridge2.0-0:amd64 (2.38.0-3) ...
Setting up xfonts-base (1:1.0.5) ...
Setting up libegl-mesa0:amd64 (22.2.5-0ubuntu0.1~22.04.1) ...
Setting up cuda-nvcc-12-1 (12.1.66-1) ...
Setting up libcublas-12-1 (12.1.0.26-1) ...
Setting up libnvjpeg-dev-12-1 (12.1.0.39-1) ...
Setting up libcusparse-12-1 (12.0.2.55-1) ...
Setting up libgcc-12-dev:amd64 (12.1.0-2ubuntu1~22.04) ...
Setting up libxkbcommon-x11-0:amd64 (1.4.0-1) ...
Setting up libcufile-dev-12-1 (1.6.0.25-1) ...
Setting up librsvg2-common:amd64 (2.52.5+dfsg-3) ...
Setting up libcufft-dev-12-1 (11.0.2.4-1) ...
Setting up libnpp-12-1 (12.0.2.50-1) ...
Setting up screen-resolution-extra (0.18.2) ...
Setting up vdpau-driver-all:amd64 (1.4-3build2) ...
Setting up libnvjitlink-12-1 (12.1.55-1) ...
Setting up libnpp-dev-12-1 (12.0.2.50-1) ...
Setting up libgdk-pixbuf2.0-bin (2.42.8+dfsg-1ubuntu0.2) ...
Setting up libwayland-cursor0:amd64 (1.20.0-1ubuntu0.1) ...
Setting up cuda-opencl-12-1 (12.1.56-1) ...
Setting up libcurand-12-1 (10.3.2.56-1) ...
Setting up libegl1:amd64 (1.4.0-1) ...
Setting up cuda-command-line-tools-12-1 (12.1.0-1) ...
Setting up xserver-common (2:21.1.3-2ubuntu2.7) ...
Setting up libavahi-client3:amd64 (0.8-5ubuntu5) ...
Setting up cuda-compiler-12-1 (12.1.0-1) ...
Setting up cuda-libraries-12-1 (12.1.0-1) ...
Setting up libglx-mesa0:amd64 (22.2.5-0ubuntu0.1~22.04.1) ...
Setting up libnvjitlink-dev-12-1 (12.1.55-1) ...
Setting up libglx0:amd64 (1.4.0-1) ...
Setting up nsight-systems-2023.1.2 (2023.1.2.43-32377213v0) ...
update-alternatives: using /opt/nvidia/nsight-systems/2023.1.2/target-linux-x64/nsys to provide /usr/local/bin/nsys (nsys) in auto mode
update-alternatives: using /opt/nvidia/nsight-systems/2023.1.2/host-linux-x64/nsys-ui to provide /usr/local/bin/nsys-ui (nsys-ui) in auto mode
Setting up dconf-gsettings-backend:amd64 (0.40.0-3) ...
Setting up cuda-nsight-systems-12-1 (12.1.0-1) ...
Setting up libcusparse-dev-12-1 (12.0.2.55-1) ...
Setting up libcurand-dev-12-1 (10.3.2.56-1) ...
Setting up libcublas-dev-12-1 (12.1.0.26-1) ...
Setting up libgl1:amd64 (1.4.0-1) ...
Setting up gcc-12 (12.1.0-2ubuntu1~22.04) ...
Setting up libcups2:amd64 (2.4.1op1-1ubuntu4.1) ...
Setting up cuda-opencl-dev-12-1 (12.1.56-1) ...
Setting up x11-utils (7.7+5build2) ...
Setting up libatk-wrapper-java (0.38.0-5build1) ...
Setting up libgtk-3-common (3.24.33-1ubuntu2) ...
Setting up libnvidia-gl-530:amd64 (530.30.02-0ubuntu1) ...
Setting up gsettings-desktop-schemas (42.0-1ubuntu1) ...
Setting up cuda-libraries-dev-12-1 (12.1.0-1) ...
Setting up libnvidia-fbc1-530:amd64 (530.30.02-0ubuntu1) ...
Setting up xserver-xorg-core (2:21.1.3-2ubuntu2.7) ...
Setting up libatk-wrapper-java-jni:amd64 (0.38.0-5build1) ...
Setting up dkms (2.8.7-2ubuntu2.1) ...
Setting up nvidia-dkms-530 (530.30.02-0ubuntu1) ...

A modprobe blacklist file has been created at /etc/modprobe.d to prevent Nouveau
from loading. This can be reverted by deleting the following file:
/etc/modprobe.d/nvidia-graphics-drivers.conf

A new initrd image has also been created. To revert, please regenerate your
initrd by running the following command after deleting the modprobe.d file:
`/usr/sbin/initramfs -u`

*****************************************************************************
*** Reboot your computer and verify that the NVIDIA graphics driver can   ***
*** be loaded.                                                            ***
*****************************************************************************

Loading new nvidia-530.30.02 DKMS files...
It is likely that 5.15.90.1-microsoft-standard-WSL2 belongs to a chroot's host
Building for 5.15.0-67-generic
Building for architecture x86_64
Building initial module for 5.15.0-67-generic
Done.

nvidia.ko:
Running module version sanity check.
 - Original module
   - No original module exists within this kernel
 - Installation
   - Installing to /lib/modules/5.15.0-67-generic/updates/dkms/

nvidia-modeset.ko:
Running module version sanity check.
 - Original module
   - No original module exists within this kernel
 - Installation
   - Installing to /lib/modules/5.15.0-67-generic/updates/dkms/

nvidia-drm.ko:
Running module version sanity check.
 - Original module
   - No original module exists within this kernel
 - Installation
   - Installing to /lib/modules/5.15.0-67-generic/updates/dkms/

nvidia-peermem.ko:
Running module version sanity check.
 - Original module
   - No original module exists within this kernel
 - Installation
   - Installing to /lib/modules/5.15.0-67-generic/updates/dkms/

nvidia-uvm.ko:
Running module version sanity check.
 - Original module
   - No original module exists within this kernel
 - Installation
   - Installing to /lib/modules/5.15.0-67-generic/updates/dkms/

depmod...
Setting up xserver-xorg-video-nvidia-530 (530.30.02-0ubuntu1) ...
Setting up nvidia-driver-530 (530.30.02-0ubuntu1) ...
Setting up adwaita-icon-theme (41.0-1ubuntu1) ...
update-alternatives: using /usr/share/icons/Adwaita/cursor.theme to provide /usr/share/icons/default/index.theme (x-cursor-theme) in auto mode
Setting up default-jre-headless (2:1.11-72build2) ...
Setting up openjdk-11-jre-headless:amd64 (11.0.18+10-0ubuntu1~22.04) ...
update-alternatives: using /usr/lib/jvm/java-11-openjdk-amd64/bin/java to provide /usr/bin/java (java) in auto mode
update-alternatives: using /usr/lib/jvm/java-11-openjdk-amd64/bin/jjs to provide /usr/bin/jjs (jjs) in auto mode
update-alternatives: using /usr/lib/jvm/java-11-openjdk-amd64/bin/keytool to provide /usr/bin/keytool (keytool) in auto mode
update-alternatives: using /usr/lib/jvm/java-11-openjdk-amd64/bin/rmid to provide /usr/bin/rmid (rmid) in auto mode
update-alternatives: using /usr/lib/jvm/java-11-openjdk-amd64/bin/rmiregistry to provide /usr/bin/rmiregistry (rmiregistry) in auto mode
update-alternatives: using /usr/lib/jvm/java-11-openjdk-amd64/bin/pack200 to provide /usr/bin/pack200 (pack200) in auto mode
update-alternatives: using /usr/lib/jvm/java-11-openjdk-amd64/bin/unpack200 to provide /usr/bin/unpack200 (unpack200) in auto mode
update-alternatives: using /usr/lib/jvm/java-11-openjdk-amd64/lib/jexec to provide /usr/bin/jexec (jexec) in auto mode
Setting up openjdk-11-jre:amd64 (11.0.18+10-0ubuntu1~22.04) ...
Setting up default-jre (2:1.11-72build2) ...
Setting up cuda-nsight-12-1 (12.1.55-1) ...
Setting up humanity-icon-theme (0.6.16) ...
Setting up ca-certificates-java (20190909ubuntu1.1) ...
head: cannot open '/etc/ssl/certs/java/cacerts' for reading: No such file or directory
Adding debian:TWCA_Root_Certification_Authority.pem
Adding debian:Entrust_Root_Certification_Authority_-_G4.pem
Adding debian:Certum_Trusted_Network_CA.pem
Adding debian:E-Tugra_Certification_Authority.pem
Adding debian:Staat_der_Nederlanden_EV_Root_CA.pem
Adding debian:Trustwave_Global_Certification_Authority.pem
Adding debian:OISTE_WISeKey_Global_Root_GC_CA.pem
Adding debian:COMODO_ECC_Certification_Authority.pem
Adding debian:SwissSign_Silver_CA_-_G2.pem
Adding debian:Hellenic_Academic_and_Research_Institutions_RootCA_2015.pem
Adding debian:GlobalSign_Root_R46.pem
Adding debian:AffirmTrust_Premium_ECC.pem
Adding debian:QuoVadis_Root_CA_2.pem
Adding debian:IdenTrust_Commercial_Root_CA_1.pem
Adding debian:SSL.com_EV_Root_Certification_Authority_RSA_R2.pem
Adding debian:Network_Solutions_Certificate_Authority.pem
Adding debian:EC-ACC.pem
Adding debian:Microsec_e-Szigno_Root_CA_2009.pem
Adding debian:TWCA_Global_Root_CA.pem
Adding debian:Hongkong_Post_Root_CA_1.pem
Adding debian:SSL.com_Root_Certification_Authority_ECC.pem
Adding debian:GlobalSign_Root_CA_-_R2.pem
Adding debian:ANF_Secure_Server_Root_CA.pem
Adding debian:IdenTrust_Public_Sector_Root_CA_1.pem
Adding debian:Actalis_Authentication_Root_CA.pem
Adding debian:USERTrust_RSA_Certification_Authority.pem
Adding debian:Entrust_Root_Certification_Authority_-_G2.pem
Adding debian:GTS_Root_R2.pem
Adding debian:COMODO_RSA_Certification_Authority.pem
Adding debian:AC_RAIZ_FNMT-RCM_SERVIDORES_SEGUROS.pem
Adding debian:SwissSign_Gold_CA_-_G2.pem
Adding debian:GlobalSign_Root_CA.pem
Adding debian:Starfield_Services_Root_Certificate_Authority_-_G2.pem
Adding debian:NetLock_Arany_=Class_Gold=_Főtanúsítvány.pem
Adding debian:GlobalSign_ECC_Root_CA_-_R5.pem
Adding debian:QuoVadis_Root_CA_3_G3.pem
Adding debian:Autoridad_de_Certificacion_Firmaprofesional_CIF_A62634068.pem
Adding debian:DigiCert_Global_Root_G2.pem
Adding debian:Go_Daddy_Class_2_CA.pem
Adding debian:Amazon_Root_CA_2.pem
Adding debian:Izenpe.com.pem
Adding debian:DigiCert_Global_Root_CA.pem
Adding debian:DigiCert_Assured_ID_Root_G2.pem
Adding debian:DigiCert_High_Assurance_EV_Root_CA.pem
Adding debian:SSL.com_EV_Root_Certification_Authority_ECC.pem
Adding debian:Amazon_Root_CA_1.pem
Adding debian:D-TRUST_Root_Class_3_CA_2_2009.pem
Adding debian:Security_Communication_RootCA2.pem
Adding debian:SSL.com_Root_Certification_Authority_RSA.pem
Adding debian:DigiCert_Global_Root_G3.pem
Adding debian:Hellenic_Academic_and_Research_Institutions_RootCA_2011.pem
Adding debian:Cybertrust_Global_Root.pem
Adding debian:SecureTrust_CA.pem
Adding debian:Security_Communication_Root_CA.pem
Adding debian:GDCA_TrustAUTH_R5_ROOT.pem
Adding debian:Hellenic_Academic_and_Research_Institutions_ECC_RootCA_2015.pem
Adding debian:Comodo_AAA_Services_root.pem
Adding debian:Certum_EC-384_CA.pem
Adding debian:Certigna.pem
Adding debian:DigiCert_Assured_ID_Root_G3.pem
Adding debian:Microsoft_RSA_Root_Certificate_Authority_2017.pem
Adding debian:Trustwave_Global_ECC_P384_Certification_Authority.pem
Adding debian:UCA_Global_G2_Root.pem
Adding debian:COMODO_Certification_Authority.pem
Adding debian:TUBITAK_Kamu_SM_SSL_Kok_Sertifikasi_-_Surum_1.pem
Adding debian:ISRG_Root_X1.pem
Adding debian:XRamp_Global_CA_Root.pem
Adding debian:Atos_TrustedRoot_2011.pem
Adding debian:QuoVadis_Root_CA_3.pem
Adding debian:certSIGN_ROOT_CA.pem
Adding debian:Certigna_Root_CA.pem
Adding debian:Certum_Trusted_Root_CA.pem
Adding debian:Secure_Global_CA.pem
Adding debian:Starfield_Class_2_CA.pem
Adding debian:Buypass_Class_3_Root_CA.pem
Adding debian:T-TeleSec_GlobalRoot_Class_3.pem
Adding debian:Hongkong_Post_Root_CA_3.pem
Adding debian:emSign_ECC_Root_CA_-_G3.pem
Adding debian:Trustwave_Global_ECC_P256_Certification_Authority.pem
Adding debian:OISTE_WISeKey_Global_Root_GB_CA.pem
Adding debian:Baltimore_CyberTrust_Root.pem
Adding debian:CA_Disig_Root_R2.pem
Adding debian:GTS_Root_R1.pem
Adding debian:GlobalSign_Root_CA_-_R3.pem
Adding debian:TeliaSonera_Root_CA_v1.pem
Adding debian:Certum_Trusted_Network_CA_2.pem
Adding debian:Starfield_Root_Certificate_Authority_-_G2.pem
Adding debian:DigiCert_Assured_ID_Root_CA.pem
Adding debian:emSign_ECC_Root_CA_-_C3.pem
Adding debian:Go_Daddy_Root_Certificate_Authority_-_G2.pem
Adding debian:e-Szigno_Root_CA_2017.pem
Adding debian:Amazon_Root_CA_4.pem
Adding debian:GLOBALTRUST_2020.pem
Adding debian:SZAFIR_ROOT_CA2.pem
Adding debian:certSIGN_Root_CA_G2.pem
Adding debian:Entrust.net_Premium_2048_Secure_Server_CA.pem
Adding debian:AffirmTrust_Commercial.pem
Adding debian:ePKI_Root_Certification_Authority.pem
Adding debian:Microsoft_ECC_Root_Certificate_Authority_2017.pem
Adding debian:emSign_Root_CA_-_C1.pem
Adding debian:QuoVadis_Root_CA_2_G3.pem
Adding debian:GlobalSign_ECC_Root_CA_-_R4.pem
Adding debian:SecureSign_RootCA11.pem
Adding debian:CFCA_EV_ROOT.pem
Adding debian:Entrust_Root_Certification_Authority_-_EC1.pem
Adding debian:DigiCert_Trusted_Root_G4.pem
Adding debian:Buypass_Class_2_Root_CA.pem
Adding debian:AC_RAIZ_FNMT-RCM.pem
Adding debian:emSign_Root_CA_-_G1.pem
Adding debian:D-TRUST_Root_Class_3_CA_2_EV_2009.pem
Adding debian:UCA_Extended_Validation_Root.pem
Adding debian:GTS_Root_R3.pem
Adding debian:QuoVadis_Root_CA_1_G3.pem
Adding debian:Amazon_Root_CA_3.pem
Adding debian:ACCVRAIZ1.pem
Adding debian:USERTrust_ECC_Certification_Authority.pem
Adding debian:AffirmTrust_Premium.pem
Adding debian:Entrust_Root_Certification_Authority.pem
Adding debian:GlobalSign_Root_E46.pem
Adding debian:GTS_Root_R4.pem
Adding debian:GlobalSign_Root_CA_-_R6.pem
Adding debian:NAVER_Global_Root_Certification_Authority.pem
Adding debian:AffirmTrust_Networking.pem
Adding debian:T-TeleSec_GlobalRoot_Class_2.pem
done.
Setting up cuda-nvvp-12-1 (12.1.55-1) ...
Setting up ubuntu-mono (20.10-0ubuntu2) ...
Setting up cuda-visual-tools-12-1 (12.1.0-1) ...
Setting up cuda-tools-12-1 (12.1.0-1) ...
Setting up cuda-toolkit-12-1 (12.1.0-1) ...
Processing triggers for ca-certificates (20211016ubuntu0.22.04.1) ...
Updating certificates in /etc/ssl/certs...
0 added, 0 removed; done.
Running hooks in /etc/ca-certificates/update.d...

done.
done.
Processing triggers for dbus (1.12.20-2ubuntu4.1) ...
Processing triggers for fontconfig (2.13.1-4.2ubuntu5) ...
Processing triggers for libglib2.0-0:amd64 (2.72.4-0ubuntu1) ...
Setting up libgtk-3-0:amd64 (3.24.33-1ubuntu2) ...
Processing triggers for libc-bin (2.35-0ubuntu3.1) ...
/sbin/ldconfig.real: /usr/lib/wsl/lib/libcuda.so.1 is not a symbolic link

Setting up libgtk-3-bin (3.24.33-1ubuntu2) ...
Processing triggers for man-db (2.10.2-1) ...
Setting up at-spi2-core (2.44.0-3) ...
Setting up nvidia-settings (530.30.02-0ubuntu1) ...
Setting up cuda-drivers-530 (530.30.02-1) ...
Setting up cuda-drivers (530.30.02-1) ...
Setting up cuda-runtime-12-1 (12.1.0-1) ...
Setting up cuda-demo-suite-12-1 (12.1.55-1) ...
Setting up cuda-12-1 (12.1.0-1) ...
Setting up cuda (12.1.0-1) ...
Processing triggers for libgdk-pixbuf-2.0-0:amd64 (2.42.8+dfsg-1ubuntu0.2) ...
Processing triggers for libc-bin (2.35-0ubuntu3.1) ...
/sbin/ldconfig.real: /usr/lib/wsl/lib/libcuda.so.1 is not a symbolic link
