$ ./05_install_nvidia-container-toolkit.sh
Setting up NVIDIA Container Toolkit
[sudo] password for coolwind:
deb [signed-by=/usr/share/keyrings/nvidia-container-toolkit-keyring.gpg] https://nvidia.github.io/libnvidia-container/stable/ubuntu18.04/$(ARCH) /
#deb [signed-by=/usr/share/keyrings/nvidia-container-toolkit-keyring.gpg] https://nvidia.github.io/libnvidia-container/experimental/ubuntu18.04/$(ARCH) /
sudo apt-get update -y && sudo apt-get install -y nvidia-container-toolkit
Get:1 https://download.docker.com/linux/ubuntu jammy InRelease [48.9 kB]
Get:2 https://nvidia.github.io/libnvidia-container/stable/ubuntu18.04/amd64  InRelease [1484 B]
Hit:3 https://developer.download.nvidia.com/compute/cuda/repos/ubuntu2204/x86_64  InRelease
Get:4 https://nvidia.github.io/libnvidia-container/stable/ubuntu18.04/amd64  Packages [22.3 kB]
Get:5 http://security.ubuntu.com/ubuntu jammy-security InRelease [110 kB]
Hit:6 http://archive.ubuntu.com/ubuntu jammy InRelease
Get:7 http://archive.ubuntu.com/ubuntu jammy-updates InRelease [119 kB]
Get:8 http://archive.ubuntu.com/ubuntu jammy-backports InRelease [107 kB]
Fetched 409 kB in 2s (194 kB/s)
Reading package lists... Done
Reading package lists... Done
Building dependency tree... Done
Reading state information... Done
The following additional packages will be installed:
  libnvidia-container-tools libnvidia-container1 nvidia-container-toolkit-base
The following NEW packages will be installed:
  libnvidia-container-tools libnvidia-container1 nvidia-container-toolkit nvidia-container-toolkit-base
0 upgraded, 4 newly installed, 0 to remove and 0 not upgraded.
Need to get 3768 kB of archives.
After this operation, 14.6 MB of additional disk space will be used.
Get:1 https://nvidia.github.io/libnvidia-container/stable/ubuntu18.04/amd64  libnvidia-container1 1.12.0-1 [927 kB]
Get:2 https://nvidia.github.io/libnvidia-container/stable/ubuntu18.04/amd64  libnvidia-container-tools 1.12.0-1 [24.5 kB]
Get:3 https://nvidia.github.io/libnvidia-container/stable/ubuntu18.04/amd64  nvidia-container-toolkit-base 1.12.0-1 [2066 kB]
Get:4 https://nvidia.github.io/libnvidia-container/stable/ubuntu18.04/amd64  nvidia-container-toolkit 1.12.0-1 [750 kB]
Fetched 3768 kB in 7s (536 kB/s)
Selecting previously unselected package libnvidia-container1:amd64.
(Reading database ... 89408 files and directories currently installed.)
Preparing to unpack .../libnvidia-container1_1.12.0-1_amd64.deb ...
Unpacking libnvidia-container1:amd64 (1.12.0-1) ...
Selecting previously unselected package libnvidia-container-tools.
Preparing to unpack .../libnvidia-container-tools_1.12.0-1_amd64.deb ...
Unpacking libnvidia-container-tools (1.12.0-1) ...
Selecting previously unselected package nvidia-container-toolkit-base.
Preparing to unpack .../nvidia-container-toolkit-base_1.12.0-1_amd64.deb ...
Unpacking nvidia-container-toolkit-base (1.12.0-1) ...
Selecting previously unselected package nvidia-container-toolkit.
Preparing to unpack .../nvidia-container-toolkit_1.12.0-1_amd64.deb ...
Unpacking nvidia-container-toolkit (1.12.0-1) ...
Setting up nvidia-container-toolkit-base (1.12.0-1) ...
Setting up libnvidia-container1:amd64 (1.12.0-1) ...
Setting up libnvidia-container-tools (1.12.0-1) ...
Setting up nvidia-container-toolkit (1.12.0-1) ...
Processing triggers for libc-bin (2.35-0ubuntu3.1) ...
/sbin/ldconfig.real: /usr/lib/wsl/lib/libcuda.so.1 is not a symbolic link

sudo nvidia-ctk runtime configure --runtime=docker
INFO[0000] Loading docker config from /etc/docker/daemon.json
INFO[0000] Config file does not exist, creating new one
INFO[0000] Flushing docker config to /etc/docker/daemon.json
INFO[0000] Successfully flushed config
INFO[0000] Wrote updated config to /etc/docker/daemon.json
INFO[0000] It is recommended that the docker daemon be restarted.
sudo systemctl restart docker
System has not been booted with systemd as init system (PID 1). Can't operate.
Failed to connect to bus: Host is down
sudo docker run --rm --runtime=nvidia --gpus all nvidia/cuda:11.6.2-base-ubuntu20.04 nvidia-smi
docker: Error response from daemon: unknown or invalid runtime name: nvidia.
See 'docker run --help'.
